--- SLURM JOB 70911 ---
PROJECT_ROOT: /home/master/ppm/ppm-43/Parallel Programming/07_MPI_Fire_Simulator
Running on 10-node [nodo.q] (12-core nodes)
Nodes: clus[01-06,09-12]
Loading modules...
Modules loaded.
--- Compiling Codes ---
Compilation successful.

--- Running Experiments & Generating Report ---

==================================================================================
  Benchmark for Test Case: test1
==================================================================================
Running sequential baseline...
Sequential Time: 0.002562 s

Test Case       Processes  Nodes      Seq Time (s)    Par Time (s)    Speedup   
--------------- ---------- ---------- --------------- --------------- ----------
test1           1          1          0.002562        ---             1.00      
test1           2          1          0.002562        0.002029        1.26      
test1           6          1          0.002562        0.002731        0.94      
test1           10         1          0.002562        0.002692        0.95      
test1           30         3          0.002562        0.068643        0.04      

==================================================================================
  Benchmark for Test Case: test2
==================================================================================
Running sequential baseline...
Sequential Time: 212.209919 s

Test Case       Processes  Nodes      Seq Time (s)    Par Time (s)    Speedup   
--------------- ---------- ---------- --------------- --------------- ----------
test2           1          1          212.209919      ---             1.00      
test2           2          1          212.209919      70.482806       3.01      
test2           4          1          212.209919      36.667265       5.79      
test2           8          1          212.209919      21.170638       10.02     
test2           16         2          212.209919      18.909353       11.22     
test2           20         2          212.209919      13.661933       15.53     
test2           32         3          212.209919      13.324243       15.93     
test2           40         4          212.209919      14.066187       15.09     
test2           50         5          212.209919      10.132864       20.94     
test2           64         6          212.209919      9.443916        22.47     
test2           80         7          212.209919      9.985219        21.25     
test2           100        9          212.209919      7.518123        28.23     

==================================================================================
  Benchmark for Test Case: test3
==================================================================================
Running sequential baseline...
Sequential Time: 69.876263 s

Test Case       Processes  Nodes      Seq Time (s)    Par Time (s)    Speedup   
--------------- ---------- ---------- --------------- --------------- ----------
test3           1          1          69.876263       ---             1.00      
test3           2          1          69.876263       29.136467       2.40      
test3           4          1          69.876263       16.281800       4.29      
test3           8          1          69.876263       9.635669        7.25      
test3           16         2          69.876263       6.432665        10.86     
test3           32         3          69.876263       6.757205        10.34     
test3           64         6          69.876263       7.711258        9.06      

==================================================================================
  Benchmark for Test Case: test4
==================================================================================
Running sequential baseline...
Sequential Time: 85.211282 s

Test Case       Processes  Nodes      Seq Time (s)    Par Time (s)    Speedup   
--------------- ---------- ---------- --------------- --------------- ----------
test4           1          1          85.211282       ---             1.00      
test4           2          1          85.211282       43.007187       1.98      
test4           4          1          85.211282       29.620728       2.88      
test4           10         1          85.211282       20.880452       4.08      
test4           20         2          85.211282       22.381992       3.81      
test4           50         5          85.211282       29.054250       2.93      
test4           100        9          85.211282       30.916091       2.76      

--- Experiment Complete ---
End time: Sat Nov 22 18:13:13 CET 2025
