--- SLURM JOB 70921 ---
PROJECT_ROOT: /home/master/ppm/ppm-43/Parallel Programming/07_MPI_Fire_Simulator
Running on 10-node [nodo.q] (12-core nodes)
Nodes: clus[01-06,09-12]
Loading modules...
Modules loaded.
--- Compiling Codes ---
Compilation successful.

--- Running Experiments & Generating Report ---

==================================================================================
  Benchmark for Test Case: test1
==================================================================================
Running sequential baseline...
Sequential Time: 0.002566 s

Test Case       Processes  Nodes      Seq Time (s)    Par Time (s)    Speedup   
--------------- ---------- ---------- --------------- --------------- ----------
test1           1          1          0.002566        ---             1.00      
test1           2          1          0.002566        0.003090        0.83      
test1           6          1          0.002566        0.003067        0.84      
test1           10         1          0.002566        0.002872        0.89      
test1           30         3          0.002566        0.224103        0.01      

==================================================================================
  Benchmark for Test Case: test2
==================================================================================
Running sequential baseline...
Sequential Time: 212.183377 s

Test Case       Processes  Nodes      Seq Time (s)    Par Time (s)    Speedup   
--------------- ---------- ---------- --------------- --------------- ----------
test2           1          1          212.183377      ---             1.00      
test2           2          1          212.183377      126.909022      1.67      
test2           4          1          212.183377      64.438035       3.29      
test2           8          1          212.183377      35.072913       6.05      
test2           16         2          212.183377      20.054120       10.58     
test2           20         2          212.183377      19.871846       10.68     
test2           32         3          212.183377      12.873905       16.48     
test2           40         4          212.183377      13.096378       16.20     
test2           50         5          212.183377      9.913137        21.40     
test2           64         6          212.183377      8.232838        25.77     
test2           80         7          212.183377      7.552868        28.09     
test2           100        9          212.183377      7.768088        27.31     

==================================================================================
  Benchmark for Test Case: test3
==================================================================================
Running sequential baseline...
Sequential Time: 69.974999 s

Test Case       Processes  Nodes      Seq Time (s)    Par Time (s)    Speedup   
--------------- ---------- ---------- --------------- --------------- ----------
test3           1          1          69.974999       ---             1.00      
test3           2          1          69.974999       52.290080       1.34      
test3           4          1          69.974999       27.732697       2.52      
test3           8          1          69.974999       16.970758       4.12      
test3           16         2          69.974999       10.102900       6.93      
test3           32         3          69.974999       7.678020        9.11      
test3           64         6          69.974999       7.705485        9.08      

==================================================================================
  Benchmark for Test Case: test4
==================================================================================
Running sequential baseline...
Sequential Time: 85.225691 s

Test Case       Processes  Nodes      Seq Time (s)    Par Time (s)    Speedup   
--------------- ---------- ---------- --------------- --------------- ----------
test4           1          1          85.225691       ---             1.00      
test4           2          1          85.225691       57.954419       1.47      
test4           4          1          85.225691       37.692109       2.26      
test4           10         1          85.225691       26.035258       3.27      
test4           20         2          85.225691       22.949047       3.71      
test4           50         5          85.225691       22.228854       3.83      
test4           100        9          85.225691       22.965029       3.71      

--- Experiment Complete ---
End time: Sat Nov 22 20:43:44 CET 2025
