--- SLURM JOB 70908 ---
PROJECT_ROOT: /home/master/ppm/ppm-43/Parallel Programming/07_MPI_Fire_Simulator
Running on 10-node [nodo.q] (12-core nodes)
Nodes: clus[01-06,09-12]
Loading modules...
Modules loaded.
--- Compiling Codes ---
Compilation successful.

--- Running Experiments & Generating Report ---

==================================================================================
  Benchmark for Test Case: test1
==================================================================================
Running sequential baseline...
Sequential Time: 0.002556 s

Test Case       Processes  Nodes      Seq Time (s)    Par Time (s)    Speedup   
--------------- ---------- ---------- --------------- --------------- ----------
test1           1          1          0.002556        ---             1.00      
test1           2          1          0.002556        0.002603        0.98      
test1           6          1          0.002556        0.003594        0.71      
test1           10         1          0.002556        0.004352        0.59      
test1           30         3          0.002556        0.060909        0.04      

==================================================================================
  Benchmark for Test Case: test2
==================================================================================
Running sequential baseline...
Sequential Time: 212.248057 s

Test Case       Processes  Nodes      Seq Time (s)    Par Time (s)    Speedup   
--------------- ---------- ---------- --------------- --------------- ----------
test2           1          1          212.248057      ---             1.00      
test2           2          1          212.248057      128.991914      1.65      
test2           4          1          212.248057      67.293123       3.15      
test2           8          1          212.248057      45.993091       4.61      
test2           16         2          212.248057      41.726972       5.09      
test2           20         2          212.248057      28.852957       7.36      
test2           32         3          212.248057      22.275471       9.53      
test2           40         4          212.248057      21.033686       10.09     
test2           50         5          212.248057      16.814828       12.62     
test2           64         6          212.248057      13.824585       15.35     
test2           80         7          212.248057      13.300497       15.96     
test2           100        9          212.248057      10.930567       19.42     

==================================================================================
  Benchmark for Test Case: test3
==================================================================================
Running sequential baseline...
Sequential Time: 69.880528 s

Test Case       Processes  Nodes      Seq Time (s)    Par Time (s)    Speedup   
--------------- ---------- ---------- --------------- --------------- ----------
test3           1          1          69.880528       ---             1.00      
test3           2          1          69.880528       40.680434       1.72      
test3           4          1          69.880528       22.427486       3.12      
test3           8          1          69.880528       13.196616       5.30      
test3           16         2          69.880528       12.808399       5.46      
test3           32         3          69.880528       11.399804       6.13      
test3           64         6          69.880528       13.172032       5.31      

==================================================================================
  Benchmark for Test Case: test4
==================================================================================
Running sequential baseline...
Sequential Time: 85.274701 s

Test Case       Processes  Nodes      Seq Time (s)    Par Time (s)    Speedup   
--------------- ---------- ---------- --------------- --------------- ----------
test4           1          1          85.274701       ---             1.00      
test4           2          1          85.274701       61.001500       1.40      
test4           4          1          85.274701       45.631745       1.87      
test4           10         1          85.274701       36.060109       2.36      
test4           20         2          85.274701       34.621104       2.46      
test4           50         5          85.274701       35.376905       2.41      
test4           100        9          85.274701       37.115380       2.30      

--- Experiment Complete ---
End time: Sat Nov 22 17:34:18 CET 2025
