--- Compiling executables ---
--- Compilation complete ---

Running test: test_files/test1
  Testing OMP (Improved)...
Running test: test_files/test2
  Testing OMP (Improved)...
Running test: test_files/test3
  Testing OMP (Improved)...
Running test: test_files/test4
  Testing OMP (Improved)...
--- Running perf stat on SEQUENTIAL (test_files/test4) ---

 Performance counter stats for './exec_seq -f test_files/test4':

      115236203852      cycles:u                  #    2.782 GHz                    
      167853332635      instructions:u            #    1.46  insn per cycle         
        1289150521      cache-references:u        #   31.118 M/sec                  
              1553      cache-misses:u            #    0.000 % of all cache refs    
          41428.43 msec task-clock:u              #    1.000 CPUs utilized          
        2879980242      L1-dcache-load-misses:u                                     

      41.439793109 seconds time elapsed

      41.284701000 seconds user
       0.002988000 seconds sys


--- Running perf stat on OMP_Improved (No Atomics) (12 Threads) ---

 Performance counter stats for './extinguishing_openmp -f test_files/test4':

      410766193688      cycles:u                  #    2.509 GHz                    
      662206652479      instructions:u            #    1.61  insn per cycle         
        1060569137      cache-references:u        #    6.479 M/sec                  
         440289751      cache-misses:u            #   41.514 % of all cache refs    
         163705.21 msec task-clock:u              #   11.994 CPUs utilized          
        9159809850      L1-dcache-load-misses:u                                     

      13.648686932 seconds time elapsed

     162.683104000 seconds user
       0.144452000 seconds sys


