"/home/master/ppm/ppm-43/Parallel Programming/08_GPU_Laplace/src/laplace_baseline.c", line 76: warning: last line of file ends without a newline
  }
   ^

main:
     49, Generating copy(A[:][:]) [if not already present]
         Generating create(Anew[:][:]) [if not already present]
     54, Loop is parallelizable
     55, Loop is parallelizable
         Generating Tesla code
         54, #pragma acc loop gang, vector(128) collapse(2) /* blockIdx.x threadIdx.x collapsed-innermost */
         55,   /* blockIdx.x threadIdx.x auto-collapsed */
     59, Loop is parallelizable
         Generating implicit copy(error) [if not already present]
     60, Loop is parallelizable
         Generating Tesla code
         59, #pragma acc loop gang, vector(128) collapse(2) /* blockIdx.x threadIdx.x collapsed-innermost */
             Generating implicit reduction(max:error)
         60,   /* blockIdx.x threadIdx.x auto-collapsed */
     64, Loop is parallelizable
     65, Loop is parallelizable
         Generating Tesla code
         64, #pragma acc loop gang, vector(128) collapse(2) /* blockIdx.x threadIdx.x collapsed-innermost */
         65,   /* blockIdx.x threadIdx.x auto-collapsed */
"/home/master/ppm/ppm-43/Parallel Programming/08_GPU_Laplace/src/laplace_opt.c", line 88: warning: last line of file ends without a newline
  }
   ^

/var/spool/slurmd/job108502/slurm_script: line 90: /home/master/ppm/ppm-43/Parallel: Is a directory
/var/spool/slurmd/job108502/slurm_script: line 99: /home/master/ppm/ppm-43/Parallel: Is a directory
Warning: LBR backtrace method is not supported on this platform. DWARF backtrace method will be used.
No such file or directory: /home/master/ppm/ppm-43/Parallel
