Slurm Job ID: 96838
Running Part 1 (P1) Sequential Timing & Profiling on node: aolin-gpu-3.uab.cat
Using Prg.c with N=20000 REP=250000
----------------------------------------------------
Compiling Prg.c with -Ofast and -fno-inline...
Compilation successful.
----------------------------------------------------
Running 'perf stat' for overall timing...
Inputs: N= 20000, Rep= 250000
Outputs: v= 5.012831130447e+04, A[19999]= 3.237046462115e+08
----------------------------------------------------
Running 'perf record' to generate profiling data...
Inputs: N= 20000, Rep= 250000
Outputs: v= 5.012831130447e+04, A[19999]= 3.237046462115e+08
----------------------------------------------------
Job finished.
The 'perf stat' output above shows the true sequential time (~49.6s).

A 'perf.data' file has been created.
To analyze the profiling results (like in the PDF), run:
perf report
----------------------------------------------------
