=== GPU BENCHMARK STARTED (111333) ===
Node:      aolin-gpu-1.uab.cat
GPU Info:
NVIDIA GeForce RTX 2070, 7.5, 8192 MiB
NVIDIA GeForce GTX 1080 Ti, 6.1, 11264 MiB

--- Compiling (Flags: -fast -acc=gpu -gpu=cc60,cc70,cc75,cc80 -Minfo=accel) ---

--- Running Benchmark (4096x4096, 10000 iters) ---
1. Baseline...
   Time: 0,0000 s
2. CUDA...
   Time: 0,0000 s
   Speedup: 0,00x

--- Profiling (Short Run: 100 iters) ---
Jacobi relaxation Calculation: 4096 x 4096 mesh, maximum of 100 iterations. Threads per block= 256
Grid: 2048 blocks × 256 threads = 524288 total threads
Computing 50 iterations per kernel launch
   50, 0.936964
  100, 0.470133
Total Iterations:   100, ERROR: 0.470133, A[32][32]= 0.067620


CUDA API Statistics:

 Time(%)  Total Time (ns)  Num Calls     Average     Minimum    Maximum          Name      
 -------  ---------------  ---------  -------------  -------  -----------  ----------------
    83,0      323.147.086          3  107.715.695,0  142.120  322.787.440  cudaMalloc      
    16,0       65.304.988          5   13.060.997,0  213.646   22.812.884  cudaMemcpy      
     0,0          638.941          3      212.980,0  110.263      335.650  cudaFree        
     0,0           92.344          2       46.172,0   14.925       77.419  cudaLaunchKernel
     0,0           36.469          2       18.234,0    8.655       27.814  cudaMemset      



CUDA Kernel Statistics:

 Time(%)  Total Time (ns)  Instances   Average   Minimum  Maximum                              Name                             
 -------  ---------------  ---------  ---------  -------  -------  -------------------------------------------------------------
   100,0          402.049          2  201.024,0  198.625  203.424  dev_laplace_multi_iter(float*, float*, float*, int, int, int)



CUDA Memory Operation Statistics (by time):

 Time(%)  Total Time (ns)  Operations    Average      Minimum     Maximum        Operation     
 -------  ---------------  ----------  ------------  ----------  ----------  ------------------
    65,0       41.468.932           2  20.734.466,0  20.636.146  20.832.786  [CUDA memcpy HtoD]
    34,0       22.159.701           3   7.386.567,0       1.312  22.157.077  [CUDA memcpy DtoH]
     0,0            3.072           2       1.536,0       1.376       1.696  [CUDA memset]     



CUDA Memory Operation Statistics (by size in KiB):

    Total     Operations   Average     Minimum     Maximum        Operation     
 -----------  ----------  ----------  ----------  ----------  ------------------
  65.536,000           3  21.845,000       0,000  65.536,000  [CUDA memcpy DtoH]
 131.072,000           2  65.536,000  65.536,000  65.536,000  [CUDA memcpy HtoD]
       0,000           2       0,000       0,000       0,000  [CUDA memset]     

✅ Benchmark Complete.
--- Cleaning up ---
Moving logs to /home/master/ppm/ppm-22/Escritorio/Parallel_Programming/09_GPU_CUDA/results...
