=== GPU BENCHMARK STARTED (111299) ===
Node:      aolin-gpu-1.uab.cat
GPU Info:
NVIDIA GeForce RTX 2070, 7.5, 8192 MiB
NVIDIA GeForce GTX 1080 Ti, 6.1, 11264 MiB

--- Compiling (Flags: -fast -acc=gpu -gpu=cc60,cc70,cc75,cc80 -Minfo=accel) ---

--- Running Benchmark (4096x4096, 10000 iters) ---
1. Baseline...
   Time: 0,0000 s
2. CUDA...
   Time: 0,0000 s
   Speedup: 0,00x

--- Profiling (Short Run: 100 iters) ---
Jacobi relaxation Calculation: 4096 x 4096 mesh, maximum of 100 iterations. Threads per block= 16
Grid dimensions: 256 x 256, Block dimensions: 16 x 16
   20, 0.176197
   40, 0.125371
   60, 0.102578
   80, 0.088928
  100, 0.079589
Total Iterations:   100, ERROR: 0.079589, A[32][32]= 0.006335


CUDA API Statistics:

 Time(%)  Total Time (ns)  Num Calls     Average      Minimum     Maximum          Name      
 -------  ---------------  ---------  -------------  ---------  -----------  ----------------
    74,0      318.956.721          3  106.318.907,0    141.310  318.606.016  cudaMalloc      
    25,0      107.104.053          8   13.388.006,0  8.780.652   22.528.377  cudaMemcpy      
     0,0          990.674        100        9.906,0      7.707       85.781  cudaLaunchKernel
     0,0          610.243          3      203.414,0    108.027      317.355  cudaFree        
     0,0           54.870          5       10.974,0      8.598       19.277  cudaMemset      



CUDA Kernel Statistics:

 Time(%)  Total Time (ns)  Instances   Average   Minimum  Maximum                         Name                        
 -------  ---------------  ---------  ---------  -------  -------  ---------------------------------------------------
   100,0       44.694.525        100  446.945,0  445.602  451.842  dev_laplace_error(float*, float*, float*, int, int)



CUDA Memory Operation Statistics (by time):

 Time(%)  Total Time (ns)  Operations    Average      Minimum     Maximum        Operation     
 -------  ---------------  ----------  ------------  ----------  ----------  ------------------
    64,0       40.099.025           2  20.049.512,0  20.032.216  20.066.809  [CUDA memcpy HtoD]
    35,0       21.890.622           6   3.648.437,0       1.088  21.884.702  [CUDA memcpy DtoH]
     0,0            7.616           5       1.523,0       1.376       1.760  [CUDA memset]     



CUDA Memory Operation Statistics (by size in KiB):

    Total     Operations   Average     Minimum     Maximum        Operation     
 -----------  ----------  ----------  ----------  ----------  ------------------
  65.536,000           6  10.922,000       0,000  65.536,000  [CUDA memcpy DtoH]
 131.072,000           2  65.536,000  65.536,000  65.536,000  [CUDA memcpy HtoD]
       0,000           5       0,000       0,000       0,000  [CUDA memset]     

✅ Benchmark Complete.
--- Cleaning up ---
Moving logs to /home/master/ppm/ppm-22/Escritorio/Parallel_Programming/09_GPU_CUDA/results...
