=== GPU BENCHMARK STARTED (111297) ===
Node:      aolin-gpu-1.uab.cat
GPU Info:
NVIDIA GeForce RTX 2070, 7.5, 8192 MiB
NVIDIA GeForce GTX 1080 Ti, 6.1, 11264 MiB

--- Compiling (Flags: -fast -acc=gpu -gpu=cc60,cc70,cc75,cc80 -Minfo=accel) ---

--- Running Benchmark (4096x4096, 10000 iters) ---
1. Baseline...
   Time: 0,0000 s
2. CUDA...
   Time: 0,0000 s
   Speedup: 0,00x

--- Profiling (Short Run: 100 iters) ---
Jacobi relaxation Calculation: 4096 x 4096 mesh, maximum of 100 iterations. Threads per block= 16
Grid dimensions: 256 x 256, Block dimensions: 16 x 16
    1, 1.000000
   10, 0.246094
   20, 0.176197
   30, 0.144464
   40, 0.125371
   50, 0.112275
   60, 0.102578
   70, 0.095025
   80, 0.088928
   90, 0.083871
  100, 0.079589
Total Iterations:   100, ERROR: 0.079589, A[32][32]= 0.006335


CUDA API Statistics:

 Time(%)  Total Time (ns)  Num Calls     Average     Minimum    Maximum          Name      
 -------  ---------------  ---------  -------------  -------  -----------  ----------------
    74,0      322.838.217          3  107.612.739,0  133.475  322.486.952  cudaMalloc      
    25,0      109.744.108        103    1.065.476,0   73.372   22.994.394  cudaMemcpy      
     0,0        1.848.096        100       18.481,0   12.324      393.739  cudaLaunchKernel
     0,0          877.234        100        8.772,0    7.141       32.927  cudaMemset      
     0,0          613.901          3      204.633,0  107.877      322.565  cudaFree        



CUDA Kernel Statistics:

 Time(%)  Total Time (ns)  Instances   Average   Minimum  Maximum                         Name                        
 -------  ---------------  ---------  ---------  -------  -------  ---------------------------------------------------
   100,0       44.507.614        100  445.076,0  443.265  457.760  dev_laplace_error(float*, float*, float*, int, int)



CUDA Memory Operation Statistics (by time):

 Time(%)  Total Time (ns)  Operations    Average      Minimum     Maximum        Operation     
 -------  ---------------  ----------  ------------  ----------  ----------  ------------------
    64,0       40.773.117           2  20.386.558,0  20.083.262  20.689.855  [CUDA memcpy HtoD]
    35,0       22.470.655         101     222.481,0       1.055  22.362.210  [CUDA memcpy DtoH]
     0,0          156.322         100       1.563,0       1.376       1.824  [CUDA memset]     



CUDA Memory Operation Statistics (by size in KiB):

    Total     Operations   Average     Minimum     Maximum        Operation     
 -----------  ----------  ----------  ----------  ----------  ------------------
  65.536,000         101     648,000       0,000  65.536,000  [CUDA memcpy DtoH]
 131.072,000           2  65.536,000  65.536,000  65.536,000  [CUDA memcpy HtoD]
       0,000         100       0,000       0,000       0,000  [CUDA memset]     

✅ Benchmark Complete.
--- Cleaning up ---
Moving logs to /home/master/ppm/ppm-22/Escritorio/Parallel_Programming/09_GPU_CUDA/results...
