--- SLURM JOB 108502 ---
Launch Dir:   /home/master/ppm/ppm-43/Parallel Programming/08_GPU_Laplace/scripts
Project Root: /home/master/ppm/ppm-43/Parallel Programming/08_GPU_Laplace
Running on:   aolin-gpu-1.uab.cat
Partition:    cuda-int.q
--- GPU Info ---
NVIDIA GeForce RTX 2070, 8192 MiB
NVIDIA GeForce GTX 1080 Ti, 11264 MiB

--- Compiling ---
Compiling Baseline...
Compiling Optimized...

--- Running Benchmark (4096x4096, 10000 iters) ---
Running Baseline...
Baseline Time: 0.0047 s
Running Optimized...
Optimized Time: 0.0038 s
Speedup: 1.23x

--- Profiling (Short Run: 100 iters) ---
Profile saved to: /home/master/ppm/ppm-43/Parallel Programming/08_GPU_Laplace/results/profile_laplace_108502.qdrep
--- Experiment Complete ---
