--- SLURM JOB 73254 ---
PROJECT_ROOT: /home/master/ppm/ppm-22/Escritorio/Parallel_Programming/06_MPI_Laplace
Running on 10-node [nodo.q] (12-core nodes)
Nodes: clus[01-06,09-12]
Loading modules...
Modules loaded.
--- Compiling Codes ---
Compilation successful.

--- Running Experiments & Generating Report ---

==================================================================================
  Benchmark for Matrix Size: 1024x1024
==================================================================================
Running sequential baseline...
Sequential Time: 0.096965 s

Matrix Size     Processes  Nodes      Seq Time (s)    Par Time (s)    Speedup   
--------------- ---------- ---------- --------------- --------------- ----------
1024x1024       1          1          0.096965        ---             1.00      
1024x1024       2          1          0.096965        0.038695        2.51      
1024x1024       4          1          0.096965        0.017912        5.41      
1024x1024       8          1          0.096965        0.011870        8.17      
1024x1024       12         1          0.096965        0.020148        4.81      
1024x1024       18         2          0.096965        0.111553        0.87      
1024x1024       24         2          0.096965        0.033482        2.90      
1024x1024       36         3          0.096965        0.067315        1.44      
1024x1024       48         4          0.096965        0.197596        0.49      
1024x1024       72         6          0.096965        0.094629        1.02      
1024x1024       96         8          0.096965        0.131035        0.74      
1024x1024       120        10         0.096965        0.320673        0.30      

==================================================================================
  Benchmark for Matrix Size: 2048x2048
==================================================================================
Running sequential baseline...
Sequential Time: 0.194254 s

Matrix Size     Processes  Nodes      Seq Time (s)    Par Time (s)    Speedup   
--------------- ---------- ---------- --------------- --------------- ----------
2048x2048       1          1          0.194254        ---             1.00      
2048x2048       2          1          0.194254        0.080039        2.43      
2048x2048       4          1          0.194254        0.041030        4.73      
2048x2048       8          1          0.194254        0.022080        8.80      
2048x2048       12         1          0.194254        0.016394        11.85     
2048x2048       18         2          0.194254        0.027641        7.03      
2048x2048       24         2          0.194254        0.044507        4.36      
2048x2048       36         3          0.194254        0.049099        3.96      
2048x2048       48         4          0.194254        0.060812        3.19      
2048x2048       72         6          0.194254        0.092211        2.11      
2048x2048       96         8          0.194254        0.271223        0.72      
2048x2048       120        10         0.194254        0.347777        0.56      

==================================================================================
  Benchmark for Matrix Size: 4096x4096
==================================================================================
Running sequential baseline...
Sequential Time: 0.388169 s

Matrix Size     Processes  Nodes      Seq Time (s)    Par Time (s)    Speedup   
--------------- ---------- ---------- --------------- --------------- ----------
4096x4096       1          1          0.388169        ---             1.00      
4096x4096       2          1          0.388169        0.162619        2.39      
4096x4096       4          1          0.388169        0.088693        4.38      
4096x4096       8          1          0.388169        0.042024        9.24      
4096x4096       12         1          0.388169        0.030657        12.66     
4096x4096       18         2          0.388169        0.037350        10.39     
4096x4096       24         2          0.388169        0.043055        9.02      
4096x4096       36         3          0.388169        0.071844        5.40      
4096x4096       48         4          0.388169        0.147229        2.64      
4096x4096       72         6          0.388169        0.091086        4.26      
4096x4096       96         8          0.388169        0.123298        3.15      
4096x4096       120        10         0.388169        0.127215        3.05      

==================================================================================
  Benchmark for Matrix Size: 8192x8192
==================================================================================
Running sequential baseline...
Sequential Time: 0.981709 s

Matrix Size     Processes  Nodes      Seq Time (s)    Par Time (s)    Speedup   
--------------- ---------- ---------- --------------- --------------- ----------
8192x8192       1          1          0.981709        ---             1.00      
8192x8192       2          1          0.981709        0.327646        3.00      
8192x8192       4          1          0.981709        0.157297        6.24      
8192x8192       8          1          0.981709        0.084999        11.55     
8192x8192       12         1          0.981709        0.057650        17.03     
8192x8192       18         2          0.981709        0.055869        17.57     
8192x8192       24         2          0.981709        0.056158        17.48     
8192x8192       36         3          0.981709        0.060032        16.35     
8192x8192       48         4          0.981709        0.082678        11.87     
8192x8192       72         6          0.981709        0.092110        10.66     
8192x8192       96         8          0.981709        0.288959        3.40      
8192x8192       120        10         0.981709        0.125144        7.84      

==================================================================================
  Benchmark for Matrix Size: 16384x16384
==================================================================================
Running sequential baseline...
Sequential Time: 2.423939 s

Matrix Size     Processes  Nodes      Seq Time (s)    Par Time (s)    Speedup   
--------------- ---------- ---------- --------------- --------------- ----------
16384x16384     1          1          2.423939        ---             1.00      
16384x16384     2          1          2.423939        0.978268        2.48      
16384x16384     4          1          2.423939        0.347150        6.98      
16384x16384     8          1          2.423939        0.180257        13.45     
16384x16384     12         1          2.423939        0.114740        21.13     
16384x16384     18         2          2.423939        0.097356        24.90     
16384x16384     24         2          2.423939        0.080041        30.28     
16384x16384     36         3          2.423939        0.077867        31.13     
16384x16384     48         4          2.423939        0.079760        30.39     
16384x16384     72         6          2.423939        0.094804        25.57     
16384x16384     96         8          2.423939        0.108239        22.39     
16384x16384     120        10         2.423939        0.177512        13.66     

==================================================================================
  Benchmark for Matrix Size: 32768x32768
==================================================================================
Running sequential baseline...
Sequential Time: 4.854204 s

Matrix Size     Processes  Nodes      Seq Time (s)    Par Time (s)    Speedup   
--------------- ---------- ---------- --------------- --------------- ----------
32768x32768     1          1          4.854204        ---             1.00      
32768x32768     2          1          4.854204        1.937539        2.51      
32768x32768     4          1          4.854204        1.050662        4.62      
32768x32768     8          1          4.854204        0.701275        6.92      
32768x32768     12         1          4.854204        0.523921        9.27      
32768x32768     18         2          4.854204        0.205169        23.66     
32768x32768     24         2          4.854204        0.229318        21.17     
32768x32768     36         3          4.854204        0.144455        33.60     
32768x32768     48         4          4.854204        0.112913        42.99     
32768x32768     72         6          4.854204        0.131134        37.02     
32768x32768     96         8          4.854204        0.132906        36.52     
32768x32768     120        10         4.854204        0.285614        17.00     

==================================================================================
  Benchmark for Matrix Size: 65536x65536
==================================================================================
Running sequential baseline...
Sequential Time: 9.731711 s

Matrix Size     Processes  Nodes      Seq Time (s)    Par Time (s)    Speedup   
--------------- ---------- ---------- --------------- --------------- ----------
65536x65536     1          1          9.731711        ---             1.00      
65536x65536     2          1          9.731711        3.987630        2.44      
65536x65536     4          1          9.731711        2.053815        4.74      
65536x65536     8          1          9.731711        1.244371        7.82      
65536x65536     12         1          9.731711        1.049171        9.28      
65536x65536     18         2          9.731711        0.718578        13.54     
65536x65536     24         2          9.731711        0.565308        17.21     
65536x65536     36         3          9.731711        0.236232        41.20     
65536x65536     48         4          9.731711        0.242396        40.15     
65536x65536     72         6          9.731711        0.306275        31.77     
65536x65536     96         8          9.731711        0.157844        61.65     
65536x65536     120        10         9.731711        0.301924        32.23     

--- Experiment Complete ---
End time: sáb nov 29 23:08:40 CET 2025
