--- SLURM JOB 73243 ---
PROJECT_ROOT: /home/master/ppm/ppm-22/Escritorio/Parallel_Programming/06_MPI_Laplace
Running on 10-node [nodo.q] (12-core nodes)
Nodes: clus[01-06,09-12]
Loading modules...
Modules loaded.
--- Compiling Codes ---
Compilation successful.

--- Running Experiments & Generating Report ---

==================================================================================
  Benchmark for Matrix Size: 1024x1024
==================================================================================
Running sequential baseline...
Sequential Time: 0.097463 s

Matrix Size     Processes  Nodes      Seq Time (s)    Par Time (s)    Speedup   
--------------- ---------- ---------- --------------- --------------- ----------
1024x1024       1          1          0.097463        ---             1.00      
1024x1024       2          1          0.097463        0.010974        8.88      
1024x1024       4          1          0.097463        0.445711        0.22      
1024x1024       8          1          0.097463        1.372327        0.07      
1024x1024       12         1          0.097463        1.587164        0.06      
1024x1024       18         2          0.097463        0.994542        0.10      
1024x1024       24         2          0.097463        0.676227        0.14      
1024x1024       36         3          0.097463        0.713306        0.14      
1024x1024       48         4          0.097463        0.823760        0.12      
1024x1024       72         6          0.097463        0.698209        0.14      
1024x1024       96         8          0.097463        0.737005        0.13      
1024x1024       120        10         0.097463        0.827742        0.12      

==================================================================================
  Benchmark for Matrix Size: 2048x2048
==================================================================================
Running sequential baseline...
Sequential Time: 0.195283 s

Matrix Size     Processes  Nodes      Seq Time (s)    Par Time (s)    Speedup   
--------------- ---------- ---------- --------------- --------------- ----------
2048x2048       1          1          0.195283        ---             1.00      
2048x2048       2          1          0.195283        0.021877        8.93      
2048x2048       4          1          0.195283        0.391835        0.50      
2048x2048       8          1          0.195283        1.353094        0.14      
2048x2048       12         1          0.195283        1.584511        0.12      
2048x2048       18         2          0.195283        0.990404        0.20      
2048x2048       24         2          0.195283        0.672743        0.29      
2048x2048       36         3          0.195283        0.702954        0.28      
2048x2048       48         4          0.195283        0.793218        0.25      
2048x2048       72         6          0.195283        0.711141        0.27      
2048x2048       96         8          0.195283        0.711877        0.27      
2048x2048       120        10         0.195283        0.924470        0.21      

==================================================================================
  Benchmark for Matrix Size: 4096x4096
==================================================================================
Running sequential baseline...
Sequential Time: 0.394596 s

Matrix Size     Processes  Nodes      Seq Time (s)    Par Time (s)    Speedup   
--------------- ---------- ---------- --------------- --------------- ----------
4096x4096       1          1          0.394596        ---             1.00      
4096x4096       2          1          0.394596        0.046628        8.46      
4096x4096       4          1          0.394596        0.557844        0.71      
4096x4096       8          1          0.394596        1.333765        0.30      
4096x4096       12         1          0.394596        1.593222        0.25      
4096x4096       18         2          0.394596        1.033786        0.38      
4096x4096       24         2          0.394596        0.704327        0.56      
4096x4096       36         3          0.394596        0.763164        0.52      
4096x4096       48         4          0.394596        0.704760        0.56      
4096x4096       72         6          0.394596        0.848863        0.46      
4096x4096       96         8          0.394596        0.776141        0.51      
4096x4096       120        10         0.394596        0.895263        0.44      

==================================================================================
  Benchmark for Matrix Size: 8192x8192
==================================================================================
Running sequential baseline...
Sequential Time: 1.001348 s

Matrix Size     Processes  Nodes      Seq Time (s)    Par Time (s)    Speedup   
--------------- ---------- ---------- --------------- --------------- ----------
8192x8192       1          1          1.001348        ---             1.00      
8192x8192       2          1          1.001348        0.108989        9.19      
8192x8192       4          1          1.001348        0.550535        1.82      
8192x8192       8          1          1.001348        1.500738        0.67      
8192x8192       12         1          1.001348        1.664646        0.60      
8192x8192       18         2          1.001348        1.132214        0.88      
8192x8192       24         2          1.001348        0.702352        1.43      
8192x8192       36         3          1.001348        0.714390        1.40      
8192x8192       48         4          1.001348        0.726616        1.38      
8192x8192       72         6          1.001348        0.706521        1.42      
8192x8192       96         8          1.001348        0.711560        1.41      
8192x8192       120        10         1.001348        0.847665        1.18      

==================================================================================
  Benchmark for Matrix Size: 16384x16384
==================================================================================
Running sequential baseline...
Sequential Time: 2.437669 s

Matrix Size     Processes  Nodes      Seq Time (s)    Par Time (s)    Speedup   
--------------- ---------- ---------- --------------- --------------- ----------
16384x16384     1          1          2.437669        ---             1.00      
16384x16384     2          1          2.437669        0.226409        10.77     
16384x16384     4          1          2.437669        0.555383        4.39      
16384x16384     8          1          2.437669        1.480158        1.65      
16384x16384     12         1          2.437669        1.857009        1.31      
16384x16384     18         2          2.437669        1.033975        2.36      
16384x16384     24         2          2.437669        0.751428        3.24      
16384x16384     36         3          2.437669        0.698161        3.49      
16384x16384     48         4          2.437669        0.696789        3.50      
16384x16384     72         6          2.437669        0.742449        3.28      
16384x16384     96         8          2.437669        0.739861        3.29      
16384x16384     120        10         2.437669        0.992437        2.46      

==================================================================================
  Benchmark for Matrix Size: 32768x32768
==================================================================================
Running sequential baseline...
Sequential Time: 4.785149 s

Matrix Size     Processes  Nodes      Seq Time (s)    Par Time (s)    Speedup   
--------------- ---------- ---------- --------------- --------------- ----------
32768x32768     1          1          4.785149        ---             1.00      
32768x32768     2          1          4.785149        0.518069        9.24      
32768x32768     4          1          4.785149        0.660600        7.24      
32768x32768     8          1          4.785149        1.599865        2.99      
32768x32768     12         1          4.785149        1.830175        2.61      
32768x32768     18         2          4.785149        1.264347        3.78      
32768x32768     24         2          4.785149        0.744411        6.43      
32768x32768     36         3          4.785149        0.772306        6.20      
32768x32768     48         4          4.785149        0.739519        6.47      
32768x32768     72         6          4.785149        0.862444        5.55      
32768x32768     96         8          4.785149        0.739725        6.47      
32768x32768     120        10         4.785149        0.796254        6.01      

==================================================================================
  Benchmark for Matrix Size: 65536x65536
==================================================================================
Running sequential baseline...
Sequential Time: 9.806802 s

Matrix Size     Processes  Nodes      Seq Time (s)    Par Time (s)    Speedup   
--------------- ---------- ---------- --------------- --------------- ----------
65536x65536     1          1          9.806802        ---             1.00      
65536x65536     2          1          9.806802        1.063812        9.22      
65536x65536     4          1          9.806802        0.776923        12.62     
65536x65536     8          1          9.806802        1.742603        5.63      
65536x65536     12         1          9.806802        1.971656        4.97      
65536x65536     18         2          9.806802        1.272150        7.71      
65536x65536     24         2          9.806802        0.849279        11.55     
65536x65536     36         3          9.806802        0.838647        11.69     
65536x65536     48         4          9.806802        0.882271        11.12     
65536x65536     72         6          9.806802        0.735038        13.34     
65536x65536     96         8          9.806802        0.880961        11.13     
65536x65536     120        10         9.806802        0.744820        13.17     

--- Experiment Complete ---
End time: sáb nov 29 23:00:03 CET 2025
