--- SLURM JOB 72055 ---
PROJECT_ROOT: /home/master/ppm/ppm-22/Escritorio/Parallel_Programming/06_MPI_Laplace
Running on 10-node [nodo.q] (12-core nodes)
Nodes: clus[01-06,09-12]
Loading modules...
Modules loaded.
--- Compiling Codes ---
Compilation successful.

--- Running Experiments & Generating Report ---

==================================================================================
  Benchmark for Matrix Size: 1024x1024
==================================================================================
Running sequential baseline...
Sequential Time: 0.104656 s

Matrix Size     Processes  Nodes      Seq Time (s)    Par Time (s)    Speedup   
--------------- ---------- ---------- --------------- --------------- ----------
1024x1024       1          1          0.104656        ---             1.00      
1024x1024       2          1          0.104656        0.035847        2.92      
1024x1024       4          1          0.104656        0.020730        5.05      
1024x1024       8          1          0.104656        0.014245        7.35      
1024x1024       12         1          0.104656        0.012010        8.71      
1024x1024       18         2          0.104656        0.061089        1.71      
1024x1024       24         2          0.104656        0.033732        3.10      
1024x1024       36         3          0.104656        0.063553        1.65      
1024x1024       48         4          0.104656        0.083024        1.26      
1024x1024       72         6          0.104656        0.106661        0.98      
1024x1024       96         8          0.104656        0.138655        0.75      
1024x1024       120        10         0.104656        0.130119        0.80      

==================================================================================
  Benchmark for Matrix Size: 2048x2048
==================================================================================
Running sequential baseline...
Sequential Time: 0.209459 s

Matrix Size     Processes  Nodes      Seq Time (s)    Par Time (s)    Speedup   
--------------- ---------- ---------- --------------- --------------- ----------
2048x2048       1          1          0.209459        ---             1.00      
2048x2048       2          1          0.209459        0.080983        2.59      
2048x2048       4          1          0.209459        0.043907        4.77      
2048x2048       8          1          0.209459        0.025424        8.24      
2048x2048       12         1          0.209459        0.019705        10.63     
2048x2048       18         2          0.209459        0.028975        7.23      
2048x2048       24         2          0.209459        0.040881        5.12      
2048x2048       36         3          0.209459        0.056690        3.69      
2048x2048       48         4          0.209459        0.067047        3.12      
2048x2048       72         6          0.209459        0.087503        2.39      
2048x2048       96         8          0.209459        0.257135        0.81      
2048x2048       120        10         0.209459        0.132751        1.58      

==================================================================================
  Benchmark for Matrix Size: 4096x4096
==================================================================================
Running sequential baseline...
Sequential Time: 0.424182 s

Matrix Size     Processes  Nodes      Seq Time (s)    Par Time (s)    Speedup   
--------------- ---------- ---------- --------------- --------------- ----------
4096x4096       1          1          0.424182        ---             1.00      
4096x4096       2          1          0.424182        0.151801        2.79      
4096x4096       4          1          0.424182        0.082119        5.17      
4096x4096       8          1          0.424182        0.048408        8.76      
4096x4096       12         1          0.424182        0.033796        12.55     
4096x4096       18         2          0.424182        0.043975        9.65      
4096x4096       24         2          0.424182        0.045571        9.31      
4096x4096       36         3          0.424182        0.055616        7.63      
4096x4096       48         4          0.424182        0.060064        7.06      
4096x4096       72         6          0.424182        0.201900        2.10      
4096x4096       96         8          0.424182        0.122194        3.47      
4096x4096       120        10         0.424182        0.121642        3.49      

==================================================================================
  Benchmark for Matrix Size: 8192x8192
==================================================================================
Running sequential baseline...
Sequential Time: 1.095867 s

Matrix Size     Processes  Nodes      Seq Time (s)    Par Time (s)    Speedup   
--------------- ---------- ---------- --------------- --------------- ----------
8192x8192       1          1          1.095867        ---             1.00      
8192x8192       2          1          1.095867        0.347427        3.15      
8192x8192       4          1          1.095867        0.158760        6.90      
8192x8192       8          1          1.095867        0.094923        11.54     
8192x8192       12         1          1.095867        0.064932        16.88     
8192x8192       18         2          1.095867        0.060355        18.16     
8192x8192       24         2          1.095867        0.060274        18.18     
8192x8192       36         3          1.095867        0.091102        12.03     
8192x8192       48         4          1.095867        0.069357        15.80     
8192x8192       72         6          1.095867        0.094118        11.64     
8192x8192       96         8          1.095867        0.103264        10.61     
8192x8192       120        10         1.095867        0.120644        9.08      

==================================================================================
  Benchmark for Matrix Size: 16384x16384
==================================================================================
Running sequential baseline...
Sequential Time: 2.708608 s

Matrix Size     Processes  Nodes      Seq Time (s)    Par Time (s)    Speedup   
--------------- ---------- ---------- --------------- --------------- ----------
16384x16384     1          1          2.708608        ---             1.00      
16384x16384     2          1          2.708608        0.897919        3.02      
16384x16384     4          1          2.708608        0.378387        7.16      
16384x16384     8          1          2.708608        0.181949        14.89     
16384x16384     12         1          2.708608        0.124585        21.74     
16384x16384     18         2          2.708608        0.103602        26.14     
16384x16384     24         2          2.708608        0.095142        28.47     
16384x16384     36         3          2.708608        0.098024        27.63     
16384x16384     48         4          2.708608        0.089100        30.40     
16384x16384     72         6          2.708608        0.104022        26.04     
16384x16384     96         8          2.708608        0.141814        19.10     
16384x16384     120        10         2.708608        0.209997        12.90     

==================================================================================
  Benchmark for Matrix Size: 32768x32768
==================================================================================
Running sequential baseline...
Sequential Time: 5.442553 s

Matrix Size     Processes  Nodes      Seq Time (s)    Par Time (s)    Speedup   
--------------- ---------- ---------- --------------- --------------- ----------
32768x32768     1          1          5.442553        ---             1.00      
32768x32768     2          1          5.442553        1.793791        3.03      
32768x32768     4          1          5.442553        0.946828        5.75      
32768x32768     8          1          5.442553        0.620789        8.77      
32768x32768     12         1          5.442553        0.527278        10.32     
32768x32768     18         2          5.442553        0.200978        27.08     
32768x32768     24         2          5.442553        0.160504        33.91     
32768x32768     36         3          5.442553        0.124283        43.79     
32768x32768     48         4          5.442553        0.120982        44.99     
32768x32768     72         6          5.442553        0.126600        42.99     
32768x32768     96         8          5.442553        0.140503        38.74     
32768x32768     120        10         5.442553        0.141708        38.41     

==================================================================================
  Benchmark for Matrix Size: 65536x65536
==================================================================================
Running sequential baseline...
Sequential Time: 10.894178 s

Matrix Size     Processes  Nodes      Seq Time (s)    Par Time (s)    Speedup   
--------------- ---------- ---------- --------------- --------------- ----------
65536x65536     1          1          10.894178       ---             1.00      
65536x65536     2          1          10.894178       3.546166        3.07      
65536x65536     4          1          10.894178       1.866137        5.84      
65536x65536     8          1          10.894178       1.361942        8.00      
65536x65536     12         1          10.894178       1.060563        10.27     
65536x65536     18         2          10.894178       0.791717        13.76     
65536x65536     24         2          10.894178       0.570181        19.11     
65536x65536     36         3          10.894178       0.260393        41.84     
65536x65536     48         4          10.894178       0.203061        53.65     
65536x65536     72         6          10.894178       0.174110        62.57     
65536x65536     96         8          10.894178       0.177566        61.35     
65536x65536     120        10         10.894178       0.187136        58.22     

==================================================================================
  Benchmark for Matrix Size: 131072x131072
==================================================================================
Running sequential baseline...
Sequential Time: 21.857440 s

Matrix Size     Processes  Nodes      Seq Time (s)    Par Time (s)    Speedup   
--------------- ---------- ---------- --------------- --------------- ----------
131072x131072   1          1          21.857440       ---             1.00      
131072x131072   2          1          21.857440       6.997175        3.12      
131072x131072   4          1          21.857440       3.675354        5.95      
131072x131072   8          1          21.857440       2.306735        9.48      
131072x131072   12         1          21.857440       2.062958        10.60     
131072x131072   18         2          21.857440       1.674644        13.05     
131072x131072   24         2          21.857440       1.240886        17.61     
131072x131072   36         3          21.857440       0.788789        27.71     
131072x131072   48         4          21.857440       0.630094        34.69     
131072x131072   72         6          21.857440       0.302978        72.14     
131072x131072   96         8          21.857440       0.482698        45.28     
131072x131072   120        10         21.857440       0.244515        89.39     

--- Experiment Complete ---
End time: jue nov 27 18:40:13 CET 2025
