--- SLURM JOB 72049 ---
PROJECT_ROOT: /home/master/ppm/ppm-22/Escritorio/Parallel_Programming/06_MPI_Laplace
Running on 10-node [nodo.q] (12-core nodes)
Nodes: clus[01-06,09-12]
Loading modules...
Modules loaded.
--- Compiling Codes ---
Compilation successful.

--- Running Experiments & Generating Report ---

==================================================================================
  Benchmark for Matrix Size: 512x512
==================================================================================
Running sequential baseline...
Sequential Time: 0.048196 s

Matrix Size     Processes  Nodes      Seq Time (s)    Par Time (s)    Speedup   
--------------- ---------- ---------- --------------- --------------- ----------
512x512         1          1          0.048196        ---             1.00      
512x512         2          1          0.048196        0.018912        2.55      
512x512         4          1          0.048196        0.011179        4.31      
512x512         8          1          0.048196        0.009139        5.27      
512x512         12         1          0.048196        0.016709        2.88      
512x512         18         2          0.048196        0.023965        2.01      
512x512         24         2          0.048196        0.033879        1.42      
512x512         36         3          0.048196        0.058018        0.83      
512x512         48         4          0.048196        0.059658        0.81      
512x512         72         6          0.048196        0.093843        0.51      
512x512         96         8          0.048196        0.106566        0.45      
512x512         120        10         0.048196        0.279654        0.17      

==================================================================================
  Benchmark for Matrix Size: 1024x1024
==================================================================================
Running sequential baseline...
Sequential Time: 0.104843 s

Matrix Size     Processes  Nodes      Seq Time (s)    Par Time (s)    Speedup   
--------------- ---------- ---------- --------------- --------------- ----------
1024x1024       1          1          0.104843        ---             1.00      
1024x1024       2          1          0.104843        0.037501        2.80      
1024x1024       4          1          0.104843        0.023357        4.49      
1024x1024       8          1          0.104843        0.013737        7.63      
1024x1024       12         1          0.104843        0.011465        9.14      
1024x1024       18         2          0.104843        0.026290        3.99      
1024x1024       24         2          0.104843        0.043224        2.43      
1024x1024       36         3          0.104843        0.056499        1.86      
1024x1024       48         4          0.104843        0.059015        1.78      
1024x1024       72         6          0.104843        0.091068        1.15      
1024x1024       96         8          0.104843        0.113084        0.93      
1024x1024       120        10         0.104843        0.127348        0.82      

==================================================================================
  Benchmark for Matrix Size: 2048x2048
==================================================================================
Running sequential baseline...
Sequential Time: 0.210183 s

Matrix Size     Processes  Nodes      Seq Time (s)    Par Time (s)    Speedup   
--------------- ---------- ---------- --------------- --------------- ----------
2048x2048       1          1          0.210183        ---             1.00      
2048x2048       2          1          0.210183        0.081424        2.58      
2048x2048       4          1          0.210183        0.042398        4.96      
2048x2048       8          1          0.210183        0.024781        8.48      
2048x2048       12         1          0.210183        0.018158        11.58     
2048x2048       18         2          0.210183        0.029783        7.06      
2048x2048       24         2          0.210183        0.037449        5.61      
2048x2048       36         3          0.210183        0.057590        3.65      
2048x2048       48         4          0.210183        0.066858        3.14      
2048x2048       72         6          0.210183        0.084378        2.49      
2048x2048       96         8          0.210183        0.107097        1.96      
2048x2048       120        10         0.210183        0.133242        1.58      

==================================================================================
  Benchmark for Matrix Size: 4096x4096
==================================================================================
Running sequential baseline...
Sequential Time: 0.425008 s

Matrix Size     Processes  Nodes      Seq Time (s)    Par Time (s)    Speedup   
--------------- ---------- ---------- --------------- --------------- ----------
4096x4096       1          1          0.425008        ---             1.00      
4096x4096       2          1          0.425008        0.152683        2.78      
4096x4096       4          1          0.425008        0.081212        5.23      
4096x4096       8          1          0.425008        0.050008        8.50      
4096x4096       12         1          0.425008        0.033952        12.52     
4096x4096       18         2          0.425008        0.044156        9.63      
4096x4096       24         2          0.425008        0.044287        9.60      
4096x4096       36         3          0.425008        0.054005        7.87      
4096x4096       48         4          0.425008        0.062871        6.76      
4096x4096       72         6          0.425008        0.184654        2.30      
4096x4096       96         8          0.425008        0.113118        3.76      
4096x4096       120        10         0.425008        0.132512        3.21      

==================================================================================
  Benchmark for Matrix Size: 8192x8192
==================================================================================
Running sequential baseline...
Sequential Time: 1.058094 s

Matrix Size     Processes  Nodes      Seq Time (s)    Par Time (s)    Speedup   
--------------- ---------- ---------- --------------- --------------- ----------
8192x8192       1          1          1.058094        ---             1.00      
8192x8192       2          1          1.058094        0.328500        3.22      
8192x8192       4          1          1.058094        0.154182        6.86      
8192x8192       8          1          1.058094        0.100116        10.57     
8192x8192       12         1          1.058094        0.062545        16.92     
8192x8192       18         2          1.058094        0.097524        10.85     
8192x8192       24         2          1.058094        0.061383        17.24     
8192x8192       36         3          1.058094        0.196829        5.38      
8192x8192       48         4          1.058094        0.082024        12.90     
8192x8192       72         6          1.058094        0.134740        7.85      
8192x8192       96         8          1.058094        0.102489        10.32     
8192x8192       120        10         1.058094        0.121127        8.74      

==================================================================================
  Benchmark for Matrix Size: 16384x16384
==================================================================================
Running sequential baseline...
Sequential Time: 2.710305 s

Matrix Size     Processes  Nodes      Seq Time (s)    Par Time (s)    Speedup   
--------------- ---------- ---------- --------------- --------------- ----------
16384x16384     1          1          2.710305        ---             1.00      
16384x16384     2          1          2.710305        0.887330        3.05      
16384x16384     4          1          2.710305        0.351932        7.70      
16384x16384     8          1          2.710305        0.181865        14.90     
16384x16384     12         1          2.710305        0.118007        22.97     
16384x16384     18         2          2.710305        0.102002        26.57     
16384x16384     24         2          2.710305        0.097784        27.72     
16384x16384     36         3          2.710305        0.092096        29.43     
16384x16384     48         4          2.710305        0.084384        32.12     
16384x16384     72         6          2.710305        0.105031        25.80     
16384x16384     96         8          2.710305        0.110417        24.55     
16384x16384     120        10         2.710305        0.269746        10.05     

==================================================================================
  Benchmark for Matrix Size: 32768x32768
==================================================================================
Running sequential baseline...
Sequential Time: 5.441598 s

Matrix Size     Processes  Nodes      Seq Time (s)    Par Time (s)    Speedup   
--------------- ---------- ---------- --------------- --------------- ----------
32768x32768     1          1          5.441598        ---             1.00      
32768x32768     2          1          5.441598        1.759234        3.09      
32768x32768     4          1          5.441598        0.949120        5.73      
32768x32768     8          1          5.441598        0.601230        9.05      
32768x32768     12         1          5.441598        0.561625        9.69      
32768x32768     18         2          5.441598        0.209975        25.92     
32768x32768     24         2          5.441598        0.183811        29.60     
32768x32768     36         3          5.441598        0.124735        43.63     
32768x32768     48         4          5.441598        0.127949        42.53     
32768x32768     72         6          5.441598        0.129755        41.94     
32768x32768     96         8          5.441598        0.131141        41.49     
32768x32768     120        10         5.441598        0.155605        34.97     

==================================================================================
  Benchmark for Matrix Size: 65536x65536
==================================================================================
Running sequential baseline...
Sequential Time: 10.893491 s

Matrix Size     Processes  Nodes      Seq Time (s)    Par Time (s)    Speedup   
--------------- ---------- ---------- --------------- --------------- ----------
65536x65536     1          1          10.893491       ---             1.00      
65536x65536     2          1          10.893491       3.551940        3.07      
65536x65536     4          1          10.893491       1.903115        5.72      
65536x65536     8          1          10.893491       1.194276        9.12      
65536x65536     12         1          10.893491       1.169203        9.32      
65536x65536     18         2          10.893491       0.722701        15.07     
65536x65536     24         2          10.893491       0.588857        18.50     
65536x65536     36         3          10.893491       0.248100        43.91     
65536x65536     48         4          10.893491       0.197879        55.05     
65536x65536     72         6          10.893491       0.205628        52.98     
65536x65536     96         8          10.893491       0.168574        64.62     
65536x65536     120        10         10.893491       0.163121        66.78     

--- Experiment Complete ---
End time: jue nov 27 17:38:20 CET 2025
