--- SLURM JOB 72043 ---
PROJECT_ROOT: /home/master/ppm/ppm-22/Escritorio/Parallel_Programming/06_MPI_Laplace
Running on 10-node [nodo.q] (12-core nodes)
Nodes: clus[01-06,09-12]
Loading modules...
Modules loaded.
--- Compiling Codes ---
Compilation successful.

--- Running Experiments & Generating Report ---

==================================================================================
  Benchmark for Matrix Size: 512x512
==================================================================================
Running sequential baseline...
Sequential Time: 0.049745 s

Matrix Size     Processes  Nodes      Seq Time (s)    Par Time (s)    Speedup   
--------------- ---------- ---------- --------------- --------------- ----------
512x512         1          1          0.049745        ---             1.00      
512x512         2          1          0.049745        0.018662        2.67      
512x512         4          1          0.049745        0.011954        4.16      
512x512         8          1          0.049745        0.008909        5.58      
512x512         12         1          0.049745        0.008188        6.08      
512x512         18         2          0.049745        0.022415        2.22      
512x512         24         2          0.049745        0.034534        1.44      
512x512         36         3          0.049745        0.050549        0.98      
512x512         48         4          0.049745        0.060886        0.82      
512x512         72         6          0.049745        0.095337        0.52      
512x512         96         8          0.049745        0.191311        0.26      
512x512         120        10         0.049745        0.135220        0.37      

==================================================================================
  Benchmark for Matrix Size: 1024x1024
==================================================================================
Running sequential baseline...
Sequential Time: 0.104941 s

Matrix Size     Processes  Nodes      Seq Time (s)    Par Time (s)    Speedup   
--------------- ---------- ---------- --------------- --------------- ----------
1024x1024       1          1          0.104941        ---             1.00      
1024x1024       2          1          0.104941        0.036385        2.88      
1024x1024       4          1          0.104941        0.021203        4.95      
1024x1024       8          1          0.104941        0.014288        7.34      
1024x1024       12         1          0.104941        0.011501        9.12      
1024x1024       18         2          0.104941        0.024938        4.21      
1024x1024       24         2          0.104941        0.033168        3.16      
1024x1024       36         3          0.104941        0.073485        1.43      
1024x1024       48         4          0.104941        0.073281        1.43      
1024x1024       72         6          0.104941        0.095137        1.10      
1024x1024       96         8          0.104941        0.111977        0.94      
1024x1024       120        10         0.104941        0.139450        0.75      

==================================================================================
  Benchmark for Matrix Size: 2048x2048
==================================================================================
Running sequential baseline...
Sequential Time: 0.209862 s

Matrix Size     Processes  Nodes      Seq Time (s)    Par Time (s)    Speedup   
--------------- ---------- ---------- --------------- --------------- ----------
2048x2048       1          1          0.209862        ---             1.00      
2048x2048       2          1          0.209862        0.079696        2.63      
2048x2048       4          1          0.209862        0.042528        4.93      
2048x2048       8          1          0.209862        0.024839        8.45      
2048x2048       12         1          0.209862        0.018614        11.27     
2048x2048       18         2          0.209862        0.058745        3.57      
2048x2048       24         2          0.209862        0.045755        4.59      
2048x2048       36         3          0.209862        0.050416        4.16      
2048x2048       48         4          0.209862        0.060084        3.49      
2048x2048       72         6          0.209862        0.090051        2.33      
2048x2048       96         8          0.209862        0.177728        1.18      
2048x2048       120        10         0.209862        0.120903        1.74      

==================================================================================
  Benchmark for Matrix Size: 4096x4096
==================================================================================
Running sequential baseline...
Sequential Time: 0.424195 s

Matrix Size     Processes  Nodes      Seq Time (s)    Par Time (s)    Speedup   
--------------- ---------- ---------- --------------- --------------- ----------
4096x4096       1          1          0.424195        ---             1.00      
4096x4096       2          1          0.424195        0.155825        2.72      
4096x4096       4          1          0.424195        0.087495        4.85      
4096x4096       8          1          0.424195        0.046154        9.19      
4096x4096       12         1          0.424195        0.033737        12.57     
4096x4096       18         2          0.424195        0.039775        10.66     
4096x4096       24         2          0.424195        0.054573        7.77      
4096x4096       36         3          0.424195        0.055624        7.63      
4096x4096       48         4          0.424195        0.095751        4.43      
4096x4096       72         6          0.424195        0.085772        4.95      
4096x4096       96         8          0.424195        0.117170        3.62      
4096x4096       120        10         0.424195        0.118910        3.57      

--- Experiment Complete ---
End time: jue nov 27 17:06:19 CET 2025
