--- SLURM JOB 72054 ---
PROJECT_ROOT: /home/master/ppm/ppm-22/Escritorio/Parallel_Programming/06_MPI_Laplace
Running on 10-node [nodo.q] (12-core nodes)
Nodes: clus[01-06,09-12]
Loading modules...
Modules loaded.
--- Compiling Codes ---
Compilation successful.

--- Running Experiments & Generating Report ---

==================================================================================
  Benchmark for Matrix Size: 1024x1024
==================================================================================
Running sequential baseline...
Sequential Time: 0.104531 s

Matrix Size     Processes  Nodes      Seq Time (s)    Par Time (s)    Speedup   
--------------- ---------- ---------- --------------- --------------- ----------
1024x1024       1          1          0.104531        ---             1.00      
1024x1024       2          1          0.104531        0.045084        2.32      
1024x1024       4          1          0.104531        0.023863        4.38      
1024x1024       8          1          0.104531        0.014539        7.19      
1024x1024       12         1          0.104531        0.011235        9.30      
1024x1024       18         2          0.104531        0.026105        4.00      
1024x1024       24         2          0.104531        0.033619        3.11      
1024x1024       36         3          0.104531        0.054710        1.91      
1024x1024       48         4          0.104531        0.057817        1.81      
1024x1024       72         6          0.104531        0.232568        0.45      
1024x1024       96         8          0.104531        0.121071        0.86      
1024x1024       120        10         0.104531        0.127179        0.82      

==================================================================================
  Benchmark for Matrix Size: 2048x2048
==================================================================================
Running sequential baseline...
Sequential Time: 0.209793 s

Matrix Size     Processes  Nodes      Seq Time (s)    Par Time (s)    Speedup   
--------------- ---------- ---------- --------------- --------------- ----------
2048x2048       1          1          0.209793        ---             1.00      
2048x2048       2          1          0.209793        0.077576        2.70      
2048x2048       4          1          0.209793        0.043215        4.85      
2048x2048       8          1          0.209793        0.026063        8.05      
2048x2048       12         1          0.209793        0.019233        10.91     
2048x2048       18         2          0.209793        0.032498        6.46      
2048x2048       24         2          0.209793        0.037349        5.62      
2048x2048       36         3          0.209793        0.076506        2.74      
2048x2048       48         4          0.209793        0.109112        1.92      
2048x2048       72         6          0.209793        0.083603        2.51      
2048x2048       96         8          0.209793        0.115010        1.82      
2048x2048       120        10         0.209793        0.279707        0.75      

==================================================================================
  Benchmark for Matrix Size: 4096x4096
==================================================================================
Running sequential baseline...
Sequential Time: 0.424031 s

Matrix Size     Processes  Nodes      Seq Time (s)    Par Time (s)    Speedup   
--------------- ---------- ---------- --------------- --------------- ----------
4096x4096       1          1          0.424031        ---             1.00      
4096x4096       2          1          0.424031        0.149726        2.83      
4096x4096       4          1          0.424031        0.082897        5.12      
4096x4096       8          1          0.424031        0.048778        8.69      
4096x4096       12         1          0.424031        0.034382        12.33     
4096x4096       18         2          0.424031        0.039454        10.75     
4096x4096       24         2          0.424031        0.044237        9.59      
4096x4096       36         3          0.424031        0.057325        7.40      
4096x4096       48         4          0.424031        0.063135        6.72      
4096x4096       72         6          0.424031        0.091070        4.66      
4096x4096       96         8          0.424031        0.121525        3.49      
4096x4096       120        10         0.424031        0.117153        3.62      

==================================================================================
  Benchmark for Matrix Size: 8192x8192
==================================================================================
Running sequential baseline...
Sequential Time: 1.075395 s

Matrix Size     Processes  Nodes      Seq Time (s)    Par Time (s)    Speedup   
--------------- ---------- ---------- --------------- --------------- ----------
8192x8192       1          1          1.075395        ---             1.00      
8192x8192       2          1          1.075395        0.326117        3.30      
8192x8192       4          1          1.075395        0.173610        6.19      
8192x8192       8          1          1.075395        0.095058        11.31     
8192x8192       12         1          1.075395        0.065193        16.50     
8192x8192       18         2          1.075395        0.061977        17.35     
8192x8192       24         2          1.075395        0.062208        17.29     
8192x8192       36         3          1.075395        0.071291        15.08     
8192x8192       48         4          1.075395        0.078789        13.65     
8192x8192       72         6          1.075395        0.106463        10.10     
8192x8192       96         8          1.075395        0.104454        10.30     
8192x8192       120        10         1.075395        0.118770        9.05      

==================================================================================
  Benchmark for Matrix Size: 16384x16384
==================================================================================
Running sequential baseline...
Sequential Time: 2.701912 s

Matrix Size     Processes  Nodes      Seq Time (s)    Par Time (s)    Speedup   
--------------- ---------- ---------- --------------- --------------- ----------
16384x16384     1          1          2.701912        ---             1.00      
16384x16384     2          1          2.701912        0.887481        3.04      
16384x16384     4          1          2.701912        0.380441        7.10      
16384x16384     8          1          2.701912        0.172462        15.67     
16384x16384     12         1          2.701912        0.282312        9.57      
16384x16384     18         2          2.701912        0.103036        26.22     
16384x16384     24         2          2.701912        0.095210        28.38     
16384x16384     36         3          2.701912        0.105299        25.66     
16384x16384     48         4          2.701912        0.084884        31.83     
16384x16384     72         6          2.701912        0.107393        25.16     
16384x16384     96         8          2.701912        0.126576        21.35     
16384x16384     120        10         2.701912        0.125302        21.56     

==================================================================================
  Benchmark for Matrix Size: 32768x32768
==================================================================================
Running sequential baseline...
Sequential Time: 5.437836 s

Matrix Size     Processes  Nodes      Seq Time (s)    Par Time (s)    Speedup   
--------------- ---------- ---------- --------------- --------------- ----------
32768x32768     1          1          5.437836        ---             1.00      
32768x32768     2          1          5.437836        1.784948        3.05      
32768x32768     4          1          5.437836        0.944856        5.76      
32768x32768     8          1          5.437836        0.617939        8.80      
32768x32768     12         1          5.437836        0.545043        9.98      
32768x32768     18         2          5.437836        0.207396        26.22     
32768x32768     24         2          5.437836        0.164514        33.05     
32768x32768     36         3          5.437836        0.271517        20.03     
32768x32768     48         4          5.437836        0.130548        41.65     
32768x32768     72         6          5.437836        0.122417        44.42     
32768x32768     96         8          5.437836        0.127159        42.76     
32768x32768     120        10         5.437836        0.133066        40.87     

==================================================================================
  Benchmark for Matrix Size: 65536x65536
==================================================================================
Running sequential baseline...
Sequential Time: 10.881787 s

Matrix Size     Processes  Nodes      Seq Time (s)    Par Time (s)    Speedup   
--------------- ---------- ---------- --------------- --------------- ----------
65536x65536     1          1          10.881787       ---             1.00      
65536x65536     2          1          10.881787       3.550117        3.07      
65536x65536     4          1          10.881787       1.855601        5.86      
65536x65536     8          1          10.881787       1.198501        9.08      
65536x65536     12         1          10.881787       1.058781        10.28     
65536x65536     18         2          10.881787       0.846958        12.85     
65536x65536     24         2          10.881787       0.585665        18.58     
65536x65536     36         3          10.881787       0.256180        42.48     
65536x65536     48         4          10.881787       0.199734        54.48     
65536x65536     72         6          10.881787       0.347068        31.35     
65536x65536     96         8          10.881787       0.174835        62.24     
65536x65536     120        10         10.881787       0.259094        42.00     

==================================================================================
  Benchmark for Matrix Size: 131072x131072
==================================================================================
Running sequential baseline...
Sequential Time: 21.829447 s

Matrix Size     Processes  Nodes      Seq Time (s)    Par Time (s)    Speedup   
--------------- ---------- ---------- --------------- --------------- ----------
131072x131072   1          1          21.829447       ---             1.00      
131072x131072   2          1          21.829447       6.994407        3.12      
131072x131072   4          1          21.829447       3.681436        5.93      
131072x131072   8          1          21.829447       2.314524        9.43      
131072x131072   12         1          21.829447       2.064093        10.58     
131072x131072   18         2          21.829447       1.554849        14.04     
131072x131072   24         2          21.829447       1.371301        15.92     
131072x131072   36         3          21.829447       0.827607        26.38     
131072x131072   48         4          21.829447       0.611630        35.69     
131072x131072   72         6          21.829447       0.319409        68.34     
131072x131072   96         8          21.829447       0.246643        88.51     
131072x131072   120        10         21.829447       0.430973        50.65     

--- Experiment Complete ---
End time: jue nov 27 18:22:10 CET 2025
