--- SLURM JOB 72053 ---
PROJECT_ROOT: /home/master/ppm/ppm-22/Escritorio/Parallel_Programming/06_MPI_Laplace
Running on 10-node [nodo.q] (12-core nodes)
Nodes: clus[01-06,09-12]
Loading modules...
Modules loaded.
--- Compiling Codes ---
Compilation successful.

--- Running Experiments & Generating Report ---

==================================================================================
  Benchmark for Matrix Size: 1024x1024
==================================================================================
Running sequential baseline...
Sequential Time: 0.104552 s

Matrix Size     Processes  Nodes      Seq Time (s)    Par Time (s)    Speedup   
--------------- ---------- ---------- --------------- --------------- ----------
1024x1024       1          1          0.104552        ---             1.00      
1024x1024       2          1          0.104552        0.037512        2.79      
1024x1024       4          1          0.104552        0.022885        4.57      
1024x1024       8          1          0.104552        0.014694        7.12      
1024x1024       12         1          0.104552        0.013405        7.80      
1024x1024       18         2          0.104552        0.058599        1.78      
1024x1024       24         2          0.104552        0.042905        2.44      
1024x1024       36         3          0.104552        0.072287        1.45      
1024x1024       48         4          0.104552        0.078306        1.34      
1024x1024       72         6          0.104552        0.095877        1.09      
1024x1024       96         8          0.104552        0.118863        0.88      
1024x1024       120        10         0.104552        0.125213        0.83      

==================================================================================
  Benchmark for Matrix Size: 2048x2048
==================================================================================
Running sequential baseline...
Sequential Time: 0.209997 s

Matrix Size     Processes  Nodes      Seq Time (s)    Par Time (s)    Speedup   
--------------- ---------- ---------- --------------- --------------- ----------
2048x2048       1          1          0.209997        ---             1.00      
2048x2048       2          1          0.209997        0.080224        2.62      
2048x2048       4          1          0.209997        0.040819        5.14      
2048x2048       8          1          0.209997        0.025828        8.13      
2048x2048       12         1          0.209997        0.018537        11.33     
2048x2048       18         2          0.209997        0.031906        6.58      
2048x2048       24         2          0.209997        0.037612        5.58      
2048x2048       36         3          0.209997        0.064434        3.26      
2048x2048       48         4          0.209997        0.062631        3.35      
2048x2048       72         6          0.209997        0.112934        1.86      
2048x2048       96         8          0.209997        0.107469        1.95      
2048x2048       120        10         0.209997        0.119709        1.75      

==================================================================================
  Benchmark for Matrix Size: 4096x4096
==================================================================================
Running sequential baseline...
Sequential Time: 0.424439 s

Matrix Size     Processes  Nodes      Seq Time (s)    Par Time (s)    Speedup   
--------------- ---------- ---------- --------------- --------------- ----------
4096x4096       1          1          0.424439        ---             1.00      
4096x4096       2          1          0.424439        0.149854        2.83      
4096x4096       4          1          0.424439        0.089555        4.74      
4096x4096       8          1          0.424439        0.048926        8.68      
4096x4096       12         1          0.424439        0.033919        12.51     
4096x4096       18         2          0.424439        0.039667        10.70     
4096x4096       24         2          0.424439        0.046543        9.12      
4096x4096       36         3          0.424439        0.061823        6.87      
4096x4096       48         4          0.424439        0.070265        6.04      
4096x4096       72         6          0.424439        0.091018        4.66      
4096x4096       96         8          0.424439        0.104339        4.07      
4096x4096       120        10         0.424439        0.123558        3.44      

==================================================================================
  Benchmark for Matrix Size: 8192x8192
==================================================================================
Running sequential baseline...
Sequential Time: 1.079662 s

Matrix Size     Processes  Nodes      Seq Time (s)    Par Time (s)    Speedup   
--------------- ---------- ---------- --------------- --------------- ----------
8192x8192       1          1          1.079662        ---             1.00      
8192x8192       2          1          1.079662        0.328387        3.29      
8192x8192       4          1          1.079662        0.166315        6.49      
8192x8192       8          1          1.079662        0.098765        10.93     
8192x8192       12         1          1.079662        0.064949        16.62     
8192x8192       18         2          1.079662        0.061771        17.48     
8192x8192       24         2          1.079662        0.072178        14.96     
8192x8192       36         3          1.079662        0.070586        15.30     
8192x8192       48         4          1.079662        0.068728        15.71     
8192x8192       72         6          1.079662        0.094501        11.42     
8192x8192       96         8          1.079662        0.164251        6.57      
8192x8192       120        10         1.079662        0.119021        9.07      

==================================================================================
  Benchmark for Matrix Size: 16384x16384
==================================================================================
Running sequential baseline...
Sequential Time: 2.705351 s

Matrix Size     Processes  Nodes      Seq Time (s)    Par Time (s)    Speedup   
--------------- ---------- ---------- --------------- --------------- ----------
16384x16384     1          1          2.705351        ---             1.00      
16384x16384     2          1          2.705351        0.896703        3.02      
16384x16384     4          1          2.705351        0.366130        7.39      
16384x16384     8          1          2.705351        0.176427        15.33     
16384x16384     12         1          2.705351        0.115170        23.49     
16384x16384     18         2          2.705351        0.102702        26.34     
16384x16384     24         2          2.705351        0.096915        27.91     
16384x16384     36         3          2.705351        0.085974        31.47     
16384x16384     48         4          2.705351        0.085237        31.74     
16384x16384     72         6          2.705351        0.107141        25.25     
16384x16384     96         8          2.705351        0.132822        20.37     
16384x16384     120        10         2.705351        0.132563        20.41     

==================================================================================
  Benchmark for Matrix Size: 32768x32768
==================================================================================
Running sequential baseline...
Sequential Time: 5.440208 s

Matrix Size     Processes  Nodes      Seq Time (s)    Par Time (s)    Speedup   
--------------- ---------- ---------- --------------- --------------- ----------
32768x32768     1          1          5.440208        ---             1.00      
32768x32768     2          1          5.440208        1.771494        3.07      
32768x32768     4          1          5.440208        0.952508        5.71      
32768x32768     8          1          5.440208        0.616915        8.82      
32768x32768     12         1          5.440208        0.664961        8.18      
32768x32768     18         2          5.440208        0.206681        26.32     
32768x32768     24         2          5.440208        0.155751        34.93     
32768x32768     36         3          5.440208        0.131998        41.21     
32768x32768     48         4          5.440208        0.132555        41.04     
32768x32768     72         6          5.440208        0.132850        40.95     
32768x32768     96         8          5.440208        0.129353        42.06     
32768x32768     120        10         5.440208        0.152609        35.65     

==================================================================================
  Benchmark for Matrix Size: 65536x65536
==================================================================================
Running sequential baseline...
Sequential Time: 10.837919 s

Matrix Size     Processes  Nodes      Seq Time (s)    Par Time (s)    Speedup   
--------------- ---------- ---------- --------------- --------------- ----------
65536x65536     1          1          10.837919       ---             1.00      
65536x65536     2          1          10.837919       3.552071        3.05      
65536x65536     4          1          10.837919       2.242095        4.83      
65536x65536     8          1          10.837919       1.205003        8.99      
65536x65536     12         1          10.837919       1.061764        10.21     
65536x65536     18         2          10.837919       0.722741        15.00     
65536x65536     24         2          10.837919       0.573701        18.89     
65536x65536     36         3          10.837919       0.252377        42.94     
65536x65536     48         4          10.837919       0.188027        57.64     
65536x65536     72         6          10.837919       0.169137        64.08     
65536x65536     96         8          10.837919       0.180617        60.00     
65536x65536     120        10         10.837919       0.171730        63.11     

==================================================================================
  Benchmark for Matrix Size: 131072x131072
==================================================================================
Running sequential baseline...
Sequential Time: 21.813909 s

Matrix Size     Processes  Nodes      Seq Time (s)    Par Time (s)    Speedup   
--------------- ---------- ---------- --------------- --------------- ----------
131072x131072   1          1          21.813909       ---             1.00      
131072x131072   2          1          21.813909       7.033491        3.10      
131072x131072   4          1          21.813909       3.669914        5.94      
131072x131072   8          1          21.813909       2.345257        9.30      
131072x131072   12         1          21.813909       2.053094        10.62     
131072x131072   18         2          21.813909       1.538456        14.18     
131072x131072   24         2          21.813909       1.222590        17.84     
131072x131072   36         3          21.813909       0.869745        25.08     
131072x131072   48         4          21.813909       0.603304        36.16     
131072x131072   72         6          21.813909       0.306975        71.06     
131072x131072   96         8          21.813909       0.386952        56.37     
131072x131072   120        10         21.813909       0.230478        94.65     

--- Experiment Complete ---
End time: jue nov 27 18:15:35 CET 2025
