--- SLURM JOB 72052 ---
PROJECT_ROOT: /home/master/ppm/ppm-22/Escritorio/Parallel_Programming/06_MPI_Laplace
Running on 10-node [nodo.q] (12-core nodes)
Nodes: clus[01-06,09-12]
Loading modules...
Modules loaded.
--- Compiling Codes ---
Compilation successful.

--- Running Experiments & Generating Report ---

==================================================================================
  Benchmark for Matrix Size: 512x512
==================================================================================
Running sequential baseline...
Sequential Time: 0.048985 s

Matrix Size     Processes  Nodes      Seq Time (s)    Par Time (s)    Speedup   
--------------- ---------- ---------- --------------- --------------- ----------
512x512         1          1          0.048985        ---             1.00      
512x512         2          1          0.048985        0.021981        2.23      
512x512         4          1          0.048985        0.011260        4.35      
512x512         8          1          0.048985        0.008148        6.01      
512x512         12         1          0.048985        0.007918        6.19      
512x512         18         2          0.048985        0.023481        2.09      
512x512         24         2          0.048985        0.049758        0.98      
512x512         36         3          0.048985        0.067610        0.72      
512x512         48         4          0.048985        0.062246        0.79      
512x512         72         6          0.048985        0.092894        0.53      
512x512         96         8          0.048985        0.106137        0.46      
512x512         120        10         0.048985        0.130409        0.38      

==================================================================================
  Benchmark for Matrix Size: 1024x1024
==================================================================================
Running sequential baseline...
Sequential Time: 0.104898 s

Matrix Size     Processes  Nodes      Seq Time (s)    Par Time (s)    Speedup   
--------------- ---------- ---------- --------------- --------------- ----------
1024x1024       1          1          0.104898        ---             1.00      
1024x1024       2          1          0.104898        0.037133        2.82      
1024x1024       4          1          0.104898        0.024019        4.37      
1024x1024       8          1          0.104898        0.015195        6.90      
1024x1024       12         1          0.104898        0.011970        8.76      
1024x1024       18         2          0.104898        0.025000        4.20      
1024x1024       24         2          0.104898        0.046744        2.24      
1024x1024       36         3          0.104898        0.048139        2.18      
1024x1024       48         4          0.104898        0.066858        1.57      
1024x1024       72         6          0.104898        0.088399        1.19      
1024x1024       96         8          0.104898        0.134904        0.78      
1024x1024       120        10         0.104898        0.380137        0.28      

==================================================================================
  Benchmark for Matrix Size: 2048x2048
==================================================================================
Running sequential baseline...
Sequential Time: 0.210097 s

Matrix Size     Processes  Nodes      Seq Time (s)    Par Time (s)    Speedup   
--------------- ---------- ---------- --------------- --------------- ----------
2048x2048       1          1          0.210097        ---             1.00      
2048x2048       2          1          0.210097        0.075516        2.78      
2048x2048       4          1          0.210097        0.043371        4.84      
2048x2048       8          1          0.210097        0.024750        8.49      
2048x2048       12         1          0.210097        0.019476        10.79     
2048x2048       18         2          0.210097        0.030217        6.95      
2048x2048       24         2          0.210097        0.037155        5.65      
2048x2048       36         3          0.210097        0.051504        4.08      
2048x2048       48         4          0.210097        0.066466        3.16      
2048x2048       72         6          0.210097        0.095203        2.21      
2048x2048       96         8          0.210097        0.124264        1.69      
2048x2048       120        10         0.210097        0.128417        1.64      

==================================================================================
  Benchmark for Matrix Size: 4096x4096
==================================================================================
Running sequential baseline...
Sequential Time: 0.424257 s

Matrix Size     Processes  Nodes      Seq Time (s)    Par Time (s)    Speedup   
--------------- ---------- ---------- --------------- --------------- ----------
4096x4096       1          1          0.424257        ---             1.00      
4096x4096       2          1          0.424257        0.158048        2.68      
4096x4096       4          1          0.424257        0.083595        5.08      
4096x4096       8          1          0.424257        0.048574        8.73      
4096x4096       12         1          0.424257        0.033057        12.83     
4096x4096       18         2          0.424257        0.044960        9.44      
4096x4096       24         2          0.424257        0.045984        9.23      
4096x4096       36         3          0.424257        0.075481        5.62      
4096x4096       48         4          0.424257        0.076490        5.55      
4096x4096       72         6          0.424257        0.092952        4.56      
4096x4096       96         8          0.424257        0.285399        1.49      
4096x4096       120        10         0.424257        0.178907        2.37      

==================================================================================
  Benchmark for Matrix Size: 8192x8192
==================================================================================
Running sequential baseline...
Sequential Time: 1.103574 s

Matrix Size     Processes  Nodes      Seq Time (s)    Par Time (s)    Speedup   
--------------- ---------- ---------- --------------- --------------- ----------
8192x8192       1          1          1.103574        ---             1.00      
8192x8192       2          1          1.103574        0.323815        3.41      
8192x8192       4          1          1.103574        0.168536        6.55      
8192x8192       8          1          1.103574        0.095215        11.59     
8192x8192       12         1          1.103574        0.066829        16.51     
8192x8192       18         2          1.103574        0.061620        17.91     
8192x8192       24         2          1.103574        0.062297        17.71     
8192x8192       36         3          1.103574        0.077683        14.21     
8192x8192       48         4          1.103574        0.092025        11.99     
8192x8192       72         6          1.103574        0.088718        12.44     
8192x8192       96         8          1.103574        0.112609        9.80      
8192x8192       120        10         1.103574        0.120255        9.18      

==================================================================================
  Benchmark for Matrix Size: 16384x16384
==================================================================================
Running sequential baseline...
Sequential Time: 2.705449 s

Matrix Size     Processes  Nodes      Seq Time (s)    Par Time (s)    Speedup   
--------------- ---------- ---------- --------------- --------------- ----------
16384x16384     1          1          2.705449        ---             1.00      
16384x16384     2          1          2.705449        0.901380        3.00      
16384x16384     4          1          2.705449        0.357051        7.58      
16384x16384     8          1          2.705449        0.189200        14.30     
16384x16384     12         1          2.705449        0.129829        20.84     
16384x16384     18         2          2.705449        0.099562        27.17     
16384x16384     24         2          2.705449        0.105244        25.71     
16384x16384     36         3          2.705449        0.085367        31.69     
16384x16384     48         4          2.705449        0.088891        30.44     
16384x16384     72         6          2.705449        0.109875        24.62     
16384x16384     96         8          2.705449        0.123881        21.84     
16384x16384     120        10         2.705449        0.124601        21.71     

==================================================================================
  Benchmark for Matrix Size: 32768x32768
==================================================================================
Running sequential baseline...
Sequential Time: 5.427610 s

Matrix Size     Processes  Nodes      Seq Time (s)    Par Time (s)    Speedup   
--------------- ---------- ---------- --------------- --------------- ----------
32768x32768     1          1          5.427610        ---             1.00      
32768x32768     2          1          5.427610        1.781071        3.05      
32768x32768     4          1          5.427610        0.953682        5.69      
32768x32768     8          1          5.427610        0.618192        8.78      
32768x32768     12         1          5.427610        0.644433        8.42      
32768x32768     18         2          5.427610        0.197070        27.54     
32768x32768     24         2          5.427610        0.158673        34.21     
32768x32768     36         3          5.427610        0.136891        39.65     
32768x32768     48         4          5.427610        0.119441        45.44     
32768x32768     72         6          5.427610        0.124531        43.58     
32768x32768     96         8          5.427610        0.147434        36.81     
32768x32768     120        10         5.427610        0.299801        18.10     

==================================================================================
  Benchmark for Matrix Size: 65536x65536
==================================================================================
Running sequential baseline...
Sequential Time: 10.889078 s

Matrix Size     Processes  Nodes      Seq Time (s)    Par Time (s)    Speedup   
--------------- ---------- ---------- --------------- --------------- ----------
65536x65536     1          1          10.889078       ---             1.00      
65536x65536     2          1          10.889078       3.544116        3.07      
65536x65536     4          1          10.889078       1.850112        5.89      
65536x65536     8          1          10.889078       1.201870        9.06      
65536x65536     12         1          10.889078       1.189268        9.16      
65536x65536     18         2          10.889078       0.744212        14.63     
65536x65536     24         2          10.889078       0.568696        19.15     
65536x65536     36         3          10.889078       0.252028        43.21     
65536x65536     48         4          10.889078       0.178886        60.87     
65536x65536     72         6          10.889078       0.173027        62.93     
65536x65536     96         8          10.889078       0.173265        62.85     
65536x65536     120        10         10.889078       0.166243        65.50     

--- Experiment Complete ---
End time: jue nov 27 17:48:06 CET 2025
