--- SLURM JOB 73229 ---
PROJECT_ROOT: /home/master/ppm/ppm-22/Escritorio/Parallel_Programming/06_MPI_Laplace
Running on 10-node [nodo.q] (12-core nodes)
Nodes: clus[01-06,09-12]
Loading modules...
Modules loaded.
--- Compiling Codes ---
Compilation successful.

--- Running Experiments & Generating Report ---

==================================================================================
  Benchmark for Matrix Size: 1024x1024
==================================================================================
Running sequential baseline...
Sequential Time: 0.105081 s

Matrix Size     Processes  Nodes      Seq Time (s)    Par Time (s)    Speedup   
--------------- ---------- ---------- --------------- --------------- ----------
1024x1024       1          1          0.105081        ---             1.00      
1024x1024       2          1          0.105081        0.012467        8.43      
1024x1024       4          1          0.105081        0.015975        6.58      
1024x1024       8          1          0.105081        0.013314        7.89      
1024x1024       12         1          0.105081        0.011494        9.14      
1024x1024       18         2          0.105081        0.047293        2.22      
1024x1024       24         2          0.105081        0.040366        2.60      
1024x1024       36         3          0.105081        0.077019        1.36      
1024x1024       48         4          0.105081        0.065877        1.60      
1024x1024       72         6          0.105081        0.089116        1.18      
1024x1024       96         8          0.105081        0.118870        0.88      
1024x1024       120        10         0.105081        0.085945        1.22      

==================================================================================
  Benchmark for Matrix Size: 2048x2048
==================================================================================
Running sequential baseline...
Sequential Time: 0.210407 s

Matrix Size     Processes  Nodes      Seq Time (s)    Par Time (s)    Speedup   
--------------- ---------- ---------- --------------- --------------- ----------
2048x2048       1          1          0.210407        ---             1.00      
2048x2048       2          1          0.210407        0.022369        9.41      
2048x2048       4          1          0.210407        0.011268        18.67     
2048x2048       8          1          0.210407        0.007246        29.04     
2048x2048       12         1          0.210407        0.004960        42.42     
2048x2048       18         2          0.210407        0.027982        7.52      
2048x2048       24         2          0.210407        0.033200        6.34      
2048x2048       36         3          0.210407        0.056111        3.75      
2048x2048       48         4          0.210407        0.059045        3.56      
2048x2048       72         6          0.210407        0.107883        1.95      
2048x2048       96         8          0.210407        0.095459        2.20      
2048x2048       120        10         0.210407        0.099046        2.12      

==================================================================================
  Benchmark for Matrix Size: 4096x4096
==================================================================================
Running sequential baseline...
Sequential Time: 0.424432 s

Matrix Size     Processes  Nodes      Seq Time (s)    Par Time (s)    Speedup   
--------------- ---------- ---------- --------------- --------------- ----------
4096x4096       1          1          0.424432        ---             1.00      
4096x4096       2          1          0.424432        0.047464        8.94      
4096x4096       4          1          0.424432        0.023392        18.14     
4096x4096       8          1          0.424432        0.014695        28.88     
4096x4096       12         1          0.424432        0.009536        44.51     
4096x4096       18         2          0.424432        0.014288        29.71     
4096x4096       24         2          0.424432        0.035032        12.12     
4096x4096       36         3          0.424432        0.059457        7.14      
4096x4096       48         4          0.424432        0.082449        5.15      
4096x4096       72         6          0.424432        0.110371        3.85      
4096x4096       96         8          0.424432        0.092597        4.58      
4096x4096       120        10         0.424432        0.073620        5.77      

==================================================================================
  Benchmark for Matrix Size: 8192x8192
==================================================================================
Running sequential baseline...
Sequential Time: 1.071407 s

Matrix Size     Processes  Nodes      Seq Time (s)    Par Time (s)    Speedup   
--------------- ---------- ---------- --------------- --------------- ----------
8192x8192       1          1          1.071407        ---             1.00      
8192x8192       2          1          1.071407        0.126103        8.50      
8192x8192       4          1          1.071407        0.048696        22.00     
8192x8192       8          1          1.071407        0.034828        30.76     
8192x8192       12         1          1.071407        0.023315        45.95     
8192x8192       18         2          1.071407        0.072744        14.73     
8192x8192       24         2          1.071407        0.069396        15.44     
8192x8192       36         3          1.071407        0.067446        15.89     
8192x8192       48         4          1.071407        0.072699        14.74     
8192x8192       72         6          1.071407        0.131863        8.13      
8192x8192       96         8          1.071407        0.081816        13.10     
8192x8192       120        10         1.071407        0.074862        14.31     

==================================================================================
  Benchmark for Matrix Size: 16384x16384
==================================================================================
Running sequential baseline...
Sequential Time: 2.698838 s

Matrix Size     Processes  Nodes      Seq Time (s)    Par Time (s)    Speedup   
--------------- ---------- ---------- --------------- --------------- ----------
16384x16384     1          1          2.698838        ---             1.00      
16384x16384     2          1          2.698838        0.278043        9.71      
16384x16384     4          1          2.698838        0.132357        20.39     
16384x16384     8          1          2.698838        0.309883        8.71      
16384x16384     12         1          2.698838        0.051993        51.91     
16384x16384     18         2          2.698838        0.414311        6.51      
16384x16384     24         2          2.698838        0.208655        12.93     
16384x16384     36         3          2.698838        0.247006        10.93     
16384x16384     48         4          2.698838        0.181218        14.89     
16384x16384     72         6          2.698838        0.097906        27.57     
16384x16384     96         8          2.698838        0.077388        34.87     
16384x16384     120        10         2.698838        0.149668        18.03     

==================================================================================
  Benchmark for Matrix Size: 32768x32768
==================================================================================
Running sequential baseline...
Sequential Time: 5.423450 s

Matrix Size     Processes  Nodes      Seq Time (s)    Par Time (s)    Speedup   
--------------- ---------- ---------- --------------- --------------- ----------
32768x32768     1          1          5.423450        ---             1.00      
32768x32768     2          1          5.423450        0.581586        9.33      
32768x32768     4          1          5.423450        0.298872        18.15     
32768x32768     8          1          5.423450        0.774541        7.00      
32768x32768     12         1          5.423450        0.258379        20.99     
32768x32768     18         2          5.423450        0.961276        5.64      
32768x32768     24         2          5.423450        0.162824        33.31     
32768x32768     36         3          5.423450        0.148721        36.47     
32768x32768     48         4          5.423450        0.365299        14.85     
32768x32768     72         6          5.423450        0.270612        20.04     
32768x32768     96         8          5.423450        0.434932        12.47     
32768x32768     120        10         5.423450        0.191518        28.32     

==================================================================================
  Benchmark for Matrix Size: 65536x65536
==================================================================================
Running sequential baseline...
Sequential Time: 10.875470 s

Matrix Size     Processes  Nodes      Seq Time (s)    Par Time (s)    Speedup   
--------------- ---------- ---------- --------------- --------------- ----------
65536x65536     1          1          10.875470       ---             1.00      
65536x65536     2          1          10.875470       1.167117        9.32      
65536x65536     4          1          10.875470       0.612147        17.77     
65536x65536     8          1          10.875470       0.686220        15.85     
65536x65536     12         1          10.875470       0.636365        17.09     
65536x65536     18         2          10.875470       2.065984        5.26      
65536x65536     24         2          10.875470       0.421398        25.81     
65536x65536     36         3          10.875470       1.163999        9.34      
65536x65536     48         4          10.875470       0.686716        15.84     
65536x65536     72         6          10.875470       0.393877        27.61     
65536x65536     96         8          10.875470       0.328035        33.15     
65536x65536     120        10         10.875470       0.526070        20.67     

--- Experiment Complete ---
End time: sáb nov 29 21:51:15 CET 2025
