--- SLURM JOB 72046 ---
PROJECT_ROOT: /home/master/ppm/ppm-22/Escritorio/Parallel_Programming/06_MPI_Laplace
Running on 10-node [nodo.q] (12-core nodes)
Nodes: clus[01-06,09-12]
Loading modules...
Modules loaded.
--- Compiling Codes ---
Compilation successful.

--- Running Experiments & Generating Report ---

==================================================================================
  Benchmark for Matrix Size: 512x512
==================================================================================
Running sequential baseline...
Sequential Time: 0.049054 s

Matrix Size     Processes  Nodes      Seq Time (s)    Par Time (s)    Speedup   
--------------- ---------- ---------- --------------- --------------- ----------
512x512         1          1          0.049054        ---             1.00      
512x512         2          1          0.049054        0.019779        2.48      
512x512         4          1          0.049054        0.012367        3.97      
512x512         8          1          0.049054        0.008462        5.80      
512x512         12         1          0.049054        0.013795        3.56      
512x512         18         2          0.049054        0.038501        1.27      
512x512         24         2          0.049054        0.034169        1.44      
512x512         36         3          0.049054        0.051203        0.96      
512x512         48         4          0.049054        0.061109        0.80      
512x512         72         6          0.049054        0.102649        0.48      
512x512         96         8          0.049054        0.106468        0.46      
512x512         120        10         0.049054        0.130389        0.38      

==================================================================================
  Benchmark for Matrix Size: 1024x1024
==================================================================================
Running sequential baseline...
Sequential Time: 0.104909 s

Matrix Size     Processes  Nodes      Seq Time (s)    Par Time (s)    Speedup   
--------------- ---------- ---------- --------------- --------------- ----------
1024x1024       1          1          0.104909        ---             1.00      
1024x1024       2          1          0.104909        0.036164        2.90      
1024x1024       4          1          0.104909        0.020821        5.04      
1024x1024       8          1          0.104909        0.014393        7.29      
1024x1024       12         1          0.104909        0.013661        7.68      
1024x1024       18         2          0.104909        0.030563        3.43      
1024x1024       24         2          0.104909        0.042464        2.47      
1024x1024       36         3          0.104909        0.055273        1.90      
1024x1024       48         4          0.104909        0.072158        1.45      
1024x1024       72         6          0.104909        0.085108        1.23      
1024x1024       96         8          0.104909        0.107425        0.98      
1024x1024       120        10         0.104909        0.122754        0.85      

==================================================================================
  Benchmark for Matrix Size: 2048x2048
==================================================================================
Running sequential baseline...
Sequential Time: 0.209795 s

Matrix Size     Processes  Nodes      Seq Time (s)    Par Time (s)    Speedup   
--------------- ---------- ---------- --------------- --------------- ----------
2048x2048       1          1          0.209795        ---             1.00      
2048x2048       2          1          0.209795        0.078773        2.66      
2048x2048       4          1          0.209795        0.044120        4.76      
2048x2048       8          1          0.209795        0.025414        8.26      
2048x2048       12         1          0.209795        0.018506        11.34     
2048x2048       18         2          0.209795        0.032248        6.51      
2048x2048       24         2          0.209795        0.037395        5.61      
2048x2048       36         3          0.209795        0.050709        4.14      
2048x2048       48         4          0.209795        0.059129        3.55      
2048x2048       72         6          0.209795        0.088848        2.36      
2048x2048       96         8          0.209795        0.105684        1.99      
2048x2048       120        10         0.209795        0.188668        1.11      

==================================================================================
  Benchmark for Matrix Size: 4096x4096
==================================================================================
Running sequential baseline...
Sequential Time: 0.424358 s

Matrix Size     Processes  Nodes      Seq Time (s)    Par Time (s)    Speedup   
--------------- ---------- ---------- --------------- --------------- ----------
4096x4096       1          1          0.424358        ---             1.00      
4096x4096       2          1          0.424358        0.149948        2.83      
4096x4096       4          1          0.424358        0.083002        5.11      
4096x4096       8          1          0.424358        0.046816        9.06      
4096x4096       12         1          0.424358        0.037217        11.40     
4096x4096       18         2          0.424358        0.041116        10.32     
4096x4096       24         2          0.424358        0.044197        9.60      
4096x4096       36         3          0.424358        0.055284        7.68      
4096x4096       48         4          0.424358        0.069088        6.14      
4096x4096       72         6          0.424358        0.089668        4.73      
4096x4096       96         8          0.424358        0.121185        3.50      
4096x4096       120        10         0.424358        0.143853        2.95      

==================================================================================
  Benchmark for Matrix Size: 8192x8192
==================================================================================
Running sequential baseline...
Sequential Time: 1.056292 s

Matrix Size     Processes  Nodes      Seq Time (s)    Par Time (s)    Speedup   
--------------- ---------- ---------- --------------- --------------- ----------
8192x8192       1          1          1.056292        ---             1.00      
8192x8192       2          1          1.056292        0.312176        3.38      
8192x8192       4          1          1.056292        0.168551        6.27      
8192x8192       8          1          1.056292        0.092035        11.48     
8192x8192       12         1          1.056292        0.062773        16.83     
8192x8192       18         2          1.056292        0.060544        17.45     
8192x8192       24         2          1.056292        0.059762        17.67     
8192x8192       36         3          1.056292        0.066050        15.99     
8192x8192       48         4          1.056292        0.077696        13.60     
8192x8192       72         6          1.056292        0.098392        10.74     
8192x8192       96         8          1.056292        0.113380        9.32      
8192x8192       120        10         1.056292        0.258549        4.09      

==================================================================================
  Benchmark for Matrix Size: 16384x16384
==================================================================================
Running sequential baseline...
Sequential Time: 2.706060 s

Matrix Size     Processes  Nodes      Seq Time (s)    Par Time (s)    Speedup   
--------------- ---------- ---------- --------------- --------------- ----------
16384x16384     1          1          2.706060        ---             1.00      
16384x16384     2          1          2.706060        1.068268        2.53      
16384x16384     4          1          2.706060        0.332976        8.13      
16384x16384     8          1          2.706060        0.171230        15.80     
16384x16384     12         1          2.706060        0.124048        21.81     
16384x16384     18         2          2.706060        0.103326        26.19     
16384x16384     24         2          2.706060        0.094470        28.64     
16384x16384     36         3          2.706060        0.090735        29.82     
16384x16384     48         4          2.706060        0.096575        28.02     
16384x16384     72         6          2.706060        0.117178        23.09     
16384x16384     96         8          2.706060        0.295603        9.15      
16384x16384     120        10         2.706060        0.159462        16.97     

==================================================================================
  Benchmark for Matrix Size: 32768x32768
==================================================================================
Running sequential baseline...
Sequential Time: 5.429599 s

Matrix Size     Processes  Nodes      Seq Time (s)    Par Time (s)    Speedup   
--------------- ---------- ---------- --------------- --------------- ----------
32768x32768     1          1          5.429599        ---             1.00      
32768x32768     2          1          5.429599        1.766962        3.07      
32768x32768     4          1          5.429599        0.932255        5.82      
32768x32768     8          1          5.429599        0.606442        8.95      
32768x32768     12         1          5.429599        0.527457        10.29     
32768x32768     18         2          5.429599        0.209291        25.94     
32768x32768     24         2          5.429599        0.153523        35.37     
32768x32768     36         3          5.429599        0.126921        42.78     
32768x32768     48         4          5.429599        0.117600        46.17     
32768x32768     72         6          5.429599        0.128677        42.20     
32768x32768     96         8          5.429599        0.195801        27.73     
32768x32768     120        10         5.429599        0.146777        36.99     

--- Experiment Complete ---
End time: jue nov 27 17:20:57 CET 2025
