--- SLURM JOB 73235 ---
PROJECT_ROOT: /home/master/ppm/ppm-22/Escritorio/Parallel_Programming/06_MPI_Laplace
Running on 10-node [nodo.q] (12-core nodes)
Nodes: clus[01-06,09-12]
Loading modules...
Modules loaded.
--- Compiling Codes ---
Compilation successful.

--- Running Experiments & Generating Report ---

==================================================================================
  Benchmark for Matrix Size: 1024x1024
==================================================================================
Running sequential baseline...
Sequential Time: 0.105309 s

Matrix Size     Processes  Nodes      Seq Time (s)    Par Time (s)    Speedup   
--------------- ---------- ---------- --------------- --------------- ----------
1024x1024       1          1          0.105309        ---             1.00      
1024x1024       2          1          0.105309        0.012903        8.16      
1024x1024       4          1          0.105309        0.015971        6.59      
1024x1024       8          1          0.105309        0.014349        7.34      
1024x1024       12         1          0.105309        0.029158        3.61      
1024x1024       18         2          0.105309        0.029976        3.51      
1024x1024       24         2          0.105309        0.039844        2.64      
1024x1024       36         3          0.105309        0.057386        1.84      
1024x1024       48         4          0.105309        0.078545        1.34      
1024x1024       72         6          0.105309        0.101054        1.04      
1024x1024       96         8          0.105309        0.073515        1.43      
1024x1024       120        10         0.105309        0.117933        0.89      

==================================================================================
  Benchmark for Matrix Size: 2048x2048
==================================================================================
Running sequential baseline...
Sequential Time: 0.210047 s

Matrix Size     Processes  Nodes      Seq Time (s)    Par Time (s)    Speedup   
--------------- ---------- ---------- --------------- --------------- ----------
2048x2048       1          1          0.210047        ---             1.00      
2048x2048       2          1          0.210047        0.022455        9.35      
2048x2048       4          1          0.210047        0.010925        19.23     
2048x2048       8          1          0.210047        0.007277        28.86     
2048x2048       12         1          0.210047        0.004933        42.58     
2048x2048       18         2          0.210047        0.024742        8.49      
2048x2048       24         2          0.210047        0.040127        5.23      
2048x2048       36         3          0.210047        0.065782        3.19      
2048x2048       48         4          0.210047        0.054242        3.87      
2048x2048       72         6          0.210047        0.073183        2.87      
2048x2048       96         8          0.210047        0.072784        2.89      
2048x2048       120        10         0.210047        0.214895        0.98      

==================================================================================
  Benchmark for Matrix Size: 4096x4096
==================================================================================
Running sequential baseline...
Sequential Time: 0.424151 s

Matrix Size     Processes  Nodes      Seq Time (s)    Par Time (s)    Speedup   
--------------- ---------- ---------- --------------- --------------- ----------
4096x4096       1          1          0.424151        ---             1.00      
4096x4096       2          1          0.424151        0.048250        8.79      
4096x4096       4          1          0.424151        0.023260        18.24     
4096x4096       8          1          0.424151        0.014956        28.36     
4096x4096       12         1          0.424151        0.009871        42.97     
4096x4096       18         2          0.424151        0.014001        30.29     
4096x4096       24         2          0.424151        0.032611        13.01     
4096x4096       36         3          0.424151        0.068218        6.22      
4096x4096       48         4          0.424151        0.079898        5.31      
4096x4096       72         6          0.424151        0.088211        4.81      
4096x4096       96         8          0.424151        0.088066        4.82      
4096x4096       120        10         0.424151        0.084667        5.01      

==================================================================================
  Benchmark for Matrix Size: 8192x8192
==================================================================================
Running sequential baseline...
Sequential Time: 1.070477 s

Matrix Size     Processes  Nodes      Seq Time (s)    Par Time (s)    Speedup   
--------------- ---------- ---------- --------------- --------------- ----------
8192x8192       1          1          1.070477        ---             1.00      
8192x8192       2          1          1.070477        0.123836        8.64      
8192x8192       4          1          1.070477        0.049115        21.80     
8192x8192       8          1          1.070477        0.034114        31.38     
8192x8192       12         1          1.070477        0.023669        45.23     
8192x8192       18         2          1.070477        0.076574        13.98     
8192x8192       24         2          1.070477        0.068341        15.66     
8192x8192       36         3          1.070477        0.081773        13.09     
8192x8192       48         4          1.070477        0.078054        13.71     
8192x8192       72         6          1.070477        0.092565        11.56     
8192x8192       96         8          1.070477        0.085497        12.52     
8192x8192       120        10         1.070477        0.090895        11.78     

==================================================================================
  Benchmark for Matrix Size: 16384x16384
==================================================================================
Running sequential baseline...
Sequential Time: 2.708657 s

Matrix Size     Processes  Nodes      Seq Time (s)    Par Time (s)    Speedup   
--------------- ---------- ---------- --------------- --------------- ----------
16384x16384     1          1          2.708657        ---             1.00      
16384x16384     2          1          2.708657        0.283621        9.55      
16384x16384     4          1          2.708657        0.133844        20.24     
16384x16384     8          1          2.708657        0.302906        8.94      
16384x16384     12         1          2.708657        0.052609        51.49     
16384x16384     18         2          2.708657        0.416373        6.51      
16384x16384     24         2          2.708657        0.081333        33.30     
16384x16384     36         3          2.708657        0.216897        12.49     
16384x16384     48         4          2.708657        0.263216        10.29     
16384x16384     72         6          2.708657        0.172453        15.71     
16384x16384     96         8          2.708657        0.172101        15.74     
16384x16384     120        10         2.708657        0.126120        21.48     

==================================================================================
  Benchmark for Matrix Size: 32768x32768
==================================================================================
Running sequential baseline...
Sequential Time: 5.434001 s

Matrix Size     Processes  Nodes      Seq Time (s)    Par Time (s)    Speedup   
--------------- ---------- ---------- --------------- --------------- ----------
32768x32768     1          1          5.434001        ---             1.00      
32768x32768     2          1          5.434001        0.594886        9.13      
32768x32768     4          1          5.434001        0.299453        18.15     
32768x32768     8          1          5.434001        0.779539        6.97      
32768x32768     12         1          5.434001        0.314790        17.26     
32768x32768     18         2          5.434001        0.940568        5.78      
32768x32768     24         2          5.434001        0.479703        11.33     
32768x32768     36         3          5.434001        0.394872        13.76     
32768x32768     48         4          5.434001        0.396871        13.69     
32768x32768     72         6          5.434001        0.263684        20.61     
32768x32768     96         8          5.434001        0.151565        35.85     
32768x32768     120        10         5.434001        0.115502        47.05     

==================================================================================
  Benchmark for Matrix Size: 65536x65536
==================================================================================
Running sequential baseline...
Sequential Time: 10.880892 s

Matrix Size     Processes  Nodes      Seq Time (s)    Par Time (s)    Speedup   
--------------- ---------- ---------- --------------- --------------- ----------
65536x65536     1          1          10.880892       ---             1.00      
65536x65536     2          1          10.880892       1.179730        9.22      
65536x65536     4          1          10.880892       0.615129        17.69     
65536x65536     8          1          10.880892       0.678450        16.04     
65536x65536     12         1          10.880892       0.636165        17.10     
65536x65536     18         2          10.880892       2.077155        5.24      
65536x65536     24         2          10.880892       0.398606        27.30     
65536x65536     36         3          10.880892       0.342261        31.79     
65536x65536     48         4          10.880892       0.694221        15.67     
65536x65536     72         6          10.880892       0.431516        25.22     
65536x65536     96         8          10.880892       0.329346        33.04     
65536x65536     120        10         10.880892       0.315526        34.48     

--- Experiment Complete ---
End time: sáb nov 29 22:02:37 CET 2025
